2026-07-11 23:11:47 | INFO | finmark_pipeline | Logger initialized.
2026-07-11 23:11:47 | INFO | finmark_pipeline | Log directory: C:\Users\SCHOOL\Desktop\FinMark_DataPipeline\logs
2026-07-11 23:11:47 | INFO | finmark_pipeline | Foundation test started.
2026-07-11 23:11:47 | INFO | finmark_pipeline | Stage started: Ingestion
2026-07-11 23:11:47 | INFO | finmark_pipeline | Loading dataset 'event_logs' from C:\Users\SCHOOL\Desktop\FinMark_DataPipeline\data\raw\event_logs.csv | Attempt 1 of 3
2026-07-11 23:11:47 | INFO | finmark_pipeline | Dataset loaded successfully: event_logs | Rows: 2000 | Columns: 50
2026-07-11 23:11:47 | INFO | finmark_pipeline | Loading dataset 'marketing_summary' from C:\Users\SCHOOL\Desktop\FinMark_DataPipeline\data\raw\marketing_summary.csv | Attempt 1 of 3
2026-07-11 23:11:47 | INFO | finmark_pipeline | Dataset loaded successfully: marketing_summary | Rows: 100 | Columns: 50
2026-07-11 23:11:47 | INFO | finmark_pipeline | Loading dataset 'trend_report' from C:\Users\SCHOOL\Desktop\FinMark_DataPipeline\data\raw\trend_report.csv | Attempt 1 of 3
2026-07-11 23:11:47 | INFO | finmark_pipeline | Dataset loaded successfully: trend_report | Rows: 20 | Columns: 50
2026-07-11 23:11:47 | INFO | finmark_pipeline | Stage finished: Ingestion | Status: SUCCESS | Duration: 0.048606 seconds
2026-07-11 23:11:47 | INFO | finmark_pipeline | Pipeline performance report saved to: C:\Users\SCHOOL\Desktop\FinMark_DataPipeline\output\pipeline_performance.csv
2026-07-11 23:11:47 | INFO | finmark_pipeline | Foundation test completed.
2026-07-11 23:20:26 | INFO | finmark_pipeline | Logger initialized.
2026-07-11 23:20:26 | INFO | finmark_pipeline | Log directory: C:\Users\SCHOOL\Desktop\FinMark_DataPipeline\logs
2026-07-11 23:20:26 | INFO | finmark_pipeline | Stage 2 validation and profiling test started.
2026-07-11 23:20:26 | INFO | finmark_pipeline | Stage started: Ingestion
2026-07-11 23:20:26 | INFO | finmark_pipeline | Loading dataset 'event_logs' from C:\Users\SCHOOL\Desktop\FinMark_DataPipeline\data\raw\event_logs.csv | Attempt 1 of 3
2026-07-11 23:20:26 | INFO | finmark_pipeline | Dataset loaded successfully: event_logs | Rows: 2000 | Columns: 50
2026-07-11 23:20:26 | INFO | finmark_pipeline | Loading dataset 'marketing_summary' from C:\Users\SCHOOL\Desktop\FinMark_DataPipeline\data\raw\marketing_summary.csv | Attempt 1 of 3
2026-07-11 23:20:26 | INFO | finmark_pipeline | Dataset loaded successfully: marketing_summary | Rows: 100 | Columns: 50
2026-07-11 23:20:26 | INFO | finmark_pipeline | Loading dataset 'trend_report' from C:\Users\SCHOOL\Desktop\FinMark_DataPipeline\data\raw\trend_report.csv | Attempt 1 of 3
2026-07-11 23:20:26 | INFO | finmark_pipeline | Dataset loaded successfully: trend_report | Rows: 20 | Columns: 50
2026-07-11 23:20:26 | INFO | finmark_pipeline | Stage finished: Ingestion | Status: SUCCESS | Duration: 0.036692 seconds
2026-07-11 23:20:26 | INFO | finmark_pipeline | Stage started: Validation
2026-07-11 23:20:26 | INFO | finmark_pipeline | Schema validation started for dataset: event_logs
2026-07-11 23:20:26 | WARNING | finmark_pipeline | event_logs: 45 unexpected columns detected.
2026-07-11 23:20:26 | INFO | finmark_pipeline | Schema validation completed for event_logs | Mode: NORMAL | Warnings: 1 | Errors: 0
2026-07-11 23:20:26 | INFO | finmark_pipeline | Schema validation started for dataset: marketing_summary
2026-07-11 23:20:26 | WARNING | finmark_pipeline | marketing_summary: 45 unexpected columns detected.
2026-07-11 23:20:26 | INFO | finmark_pipeline | Schema validation completed for marketing_summary | Mode: NORMAL | Warnings: 1 | Errors: 0
2026-07-11 23:20:26 | INFO | finmark_pipeline | Schema validation started for dataset: trend_report
2026-07-11 23:20:26 | WARNING | finmark_pipeline | trend_report: 47 unexpected columns detected.
2026-07-11 23:20:26 | INFO | finmark_pipeline | Schema validation completed for trend_report | Mode: NORMAL | Warnings: 1 | Errors: 0
2026-07-11 23:20:26 | INFO | finmark_pipeline | Stage finished: Validation | Status: SUCCESS | Duration: 0.015966 seconds
2026-07-11 23:20:26 | INFO | finmark_pipeline | Stage started: Profiling
2026-07-11 23:20:26 | INFO | finmark_pipeline | Profiling completed for event_logs | Rows: 2000 | Columns: 50 | Completeness: 73.33% | Duplicates: 0
2026-07-11 23:20:26 | INFO | finmark_pipeline | Profiling completed for marketing_summary | Rows: 100 | Columns: 50 | Completeness: 77.00% | Duplicates: 0
2026-07-11 23:20:26 | INFO | finmark_pipeline | Profiling completed for trend_report | Rows: 20 | Columns: 50 | Completeness: 80.10% | Duplicates: 0
2026-07-11 23:20:26 | INFO | finmark_pipeline | Data-quality report saved to: C:\Users\SCHOOL\Desktop\FinMark_DataPipeline\output\data_quality_report.csv
2026-07-11 23:20:26 | INFO | finmark_pipeline | Stage finished: Profiling | Status: SUCCESS | Duration: 0.043652 seconds
2026-07-11 23:20:26 | INFO | finmark_pipeline | Pipeline performance report saved to: C:\Users\SCHOOL\Desktop\FinMark_DataPipeline\output\pipeline_performance.csv
2026-07-11 23:20:26 | INFO | finmark_pipeline | Stage 2 validation and profiling test completed.
2026-07-11 23:36:09 | INFO | finmark_pipeline | Logger initialized.
2026-07-11 23:36:09 | INFO | finmark_pipeline | Log directory: C:\Users\SCHOOL\Desktop\FinMark_DataPipeline\logs
2026-07-11 23:36:09 | INFO | finmark_pipeline | Stage started: Ingestion
2026-07-11 23:36:09 | INFO | finmark_pipeline | Loading dataset 'event_logs' from C:\Users\SCHOOL\Desktop\FinMark_DataPipeline\data\raw\event_logs.csv | Attempt 1 of 3
2026-07-11 23:36:09 | INFO | finmark_pipeline | Dataset loaded successfully: event_logs | Rows: 2000 | Columns: 50
2026-07-11 23:36:09 | INFO | finmark_pipeline | Loading dataset 'marketing_summary' from C:\Users\SCHOOL\Desktop\FinMark_DataPipeline\data\raw\marketing_summary.csv | Attempt 1 of 3
2026-07-11 23:36:09 | INFO | finmark_pipeline | Dataset loaded successfully: marketing_summary | Rows: 100 | Columns: 50
2026-07-11 23:36:09 | INFO | finmark_pipeline | Loading dataset 'trend_report' from C:\Users\SCHOOL\Desktop\FinMark_DataPipeline\data\raw\trend_report.csv | Attempt 1 of 3
2026-07-11 23:36:09 | INFO | finmark_pipeline | Dataset loaded successfully: trend_report | Rows: 20 | Columns: 50
2026-07-11 23:36:09 | INFO | finmark_pipeline | Stage finished: Ingestion | Status: SUCCESS | Duration: 0.034294 seconds
2026-07-11 23:36:09 | INFO | finmark_pipeline | Stage started: Cleaning
2026-07-11 23:36:09 | INFO | finmark_pipeline | event_logs: Removing 45 undocumented columns.
2026-07-11 23:36:09 | INFO | finmark_pipeline | Cleaning completed for event_logs | Rows: 2000 -> 2000 | Columns: 50 -> 5 | Duplicates removed: 0 | Remaining missing values: 1016
2026-07-11 23:36:09 | INFO | finmark_pipeline | marketing_summary: Removing 45 undocumented columns.
2026-07-11 23:36:09 | INFO | finmark_pipeline | Cleaning completed for marketing_summary | Rows: 100 -> 100 | Columns: 50 -> 5 | Duplicates removed: 0 | Remaining missing values: 0
2026-07-11 23:36:09 | INFO | finmark_pipeline | trend_report: Removing 47 undocumented columns.
2026-07-11 23:36:09 | INFO | finmark_pipeline | Cleaning completed for trend_report | Rows: 20 -> 20 | Columns: 50 -> 3 | Duplicates removed: 0 | Remaining missing values: 0
2026-07-11 23:36:09 | INFO | finmark_pipeline | Cleaning report saved to: C:\Users\SCHOOL\Desktop\FinMark_DataPipeline\output\cleaning_report.csv
2026-07-11 23:36:09 | INFO | finmark_pipeline | Stage finished: Cleaning | Status: SUCCESS | Duration: 0.063599 seconds
2026-07-11 23:36:09 | INFO | finmark_pipeline | Pipeline performance report saved to: C:\Users\SCHOOL\Desktop\FinMark_DataPipeline\output\pipeline_performance.csv
2026-07-11 23:37:20 | INFO | finmark_pipeline | Logger initialized.
2026-07-11 23:37:20 | INFO | finmark_pipeline | Log directory: C:\Users\SCHOOL\Desktop\FinMark_DataPipeline\logs
2026-07-11 23:37:20 | INFO | finmark_pipeline | Stage 3 fallback and cleaning test started.
2026-07-11 23:37:20 | INFO | finmark_pipeline | Stage started: Ingestion
2026-07-11 23:37:20 | INFO | finmark_pipeline | Loading dataset 'event_logs' from C:\Users\SCHOOL\Desktop\FinMark_DataPipeline\data\raw\event_logs.csv | Attempt 1 of 3
2026-07-11 23:37:20 | INFO | finmark_pipeline | Dataset loaded successfully: event_logs | Rows: 2000 | Columns: 50
2026-07-11 23:37:20 | INFO | finmark_pipeline | Loading dataset 'marketing_summary' from C:\Users\SCHOOL\Desktop\FinMark_DataPipeline\data\raw\marketing_summary.csv | Attempt 1 of 3
2026-07-11 23:37:20 | INFO | finmark_pipeline | Dataset loaded successfully: marketing_summary | Rows: 100 | Columns: 50
2026-07-11 23:37:20 | INFO | finmark_pipeline | Loading dataset 'trend_report' from C:\Users\SCHOOL\Desktop\FinMark_DataPipeline\data\raw\trend_report.csv | Attempt 1 of 3
2026-07-11 23:37:20 | INFO | finmark_pipeline | Dataset loaded successfully: trend_report | Rows: 20 | Columns: 50
2026-07-11 23:37:20 | INFO | finmark_pipeline | Stage finished: Ingestion | Status: SUCCESS | Duration: 0.036082 seconds
2026-07-11 23:37:20 | INFO | finmark_pipeline | Stage started: Validation
2026-07-11 23:37:20 | INFO | finmark_pipeline | Schema validation started for dataset: event_logs
2026-07-11 23:37:20 | WARNING | finmark_pipeline | event_logs: 45 unexpected columns detected.
2026-07-11 23:37:20 | INFO | finmark_pipeline | Schema validation completed for event_logs | Mode: NORMAL | Warnings: 1 | Errors: 0
2026-07-11 23:37:20 | INFO | finmark_pipeline | Schema validation started for dataset: marketing_summary
2026-07-11 23:37:20 | WARNING | finmark_pipeline | marketing_summary: 45 unexpected columns detected.
2026-07-11 23:37:20 | INFO | finmark_pipeline | Schema validation completed for marketing_summary | Mode: NORMAL | Warnings: 1 | Errors: 0
2026-07-11 23:37:20 | INFO | finmark_pipeline | Schema validation started for dataset: trend_report
2026-07-11 23:37:20 | WARNING | finmark_pipeline | trend_report: 47 unexpected columns detected.
2026-07-11 23:37:20 | INFO | finmark_pipeline | Schema validation completed for trend_report | Mode: NORMAL | Warnings: 1 | Errors: 0
2026-07-11 23:37:20 | INFO | finmark_pipeline | Stage finished: Validation | Status: SUCCESS | Duration: 0.008333 seconds
2026-07-11 23:37:20 | INFO | finmark_pipeline | Stage started: Raw Profiling
2026-07-11 23:37:20 | INFO | finmark_pipeline | Profiling completed for event_logs | Rows: 2000 | Columns: 50 | Completeness: 73.33% | Duplicates: 0
2026-07-11 23:37:20 | INFO | finmark_pipeline | Profiling completed for marketing_summary | Rows: 100 | Columns: 50 | Completeness: 77.00% | Duplicates: 0
2026-07-11 23:37:20 | INFO | finmark_pipeline | Profiling completed for trend_report | Rows: 20 | Columns: 50 | Completeness: 80.10% | Duplicates: 0
2026-07-11 23:37:20 | INFO | finmark_pipeline | Data-quality report saved to: C:\Users\SCHOOL\Desktop\FinMark_DataPipeline\output\data_quality_report.csv
2026-07-11 23:37:20 | INFO | finmark_pipeline | Stage finished: Raw Profiling | Status: SUCCESS | Duration: 0.045330 seconds
2026-07-11 23:37:20 | INFO | finmark_pipeline | Stage started: Fallback Rules
2026-07-11 23:37:21 | WARNING | finmark_pipeline | 260 missing amount values belonged to unknown event types and require review.
2026-07-11 23:37:21 | WARNING | finmark_pipeline | The missing transaction amount rate exceeded the safe threshold. Affected records were quarantined and financial KPIs were disabled.
2026-07-11 23:37:21 | INFO | finmark_pipeline | Fallback action report saved to: C:\Users\SCHOOL\Desktop\FinMark_DataPipeline\output\fallback_actions.csv
2026-07-11 23:37:21 | INFO | finmark_pipeline | Stage finished: Fallback Rules | Status: SUCCESS | Duration: 0.045870 seconds
2026-07-11 23:37:21 | INFO | finmark_pipeline | Stage started: Cleaning
2026-07-11 23:37:21 | INFO | finmark_pipeline | event_logs: Removing 45 undocumented columns.
2026-07-11 23:37:21 | INFO | finmark_pipeline | Cleaning completed for event_logs | Rows: 1858 -> 1858 | Columns: 52 -> 7 | Duplicates removed: 0 | Remaining missing values: 874
2026-07-11 23:37:21 | INFO | finmark_pipeline | marketing_summary: Removing 45 undocumented columns.
2026-07-11 23:37:21 | INFO | finmark_pipeline | Cleaning completed for marketing_summary | Rows: 100 -> 100 | Columns: 50 -> 5 | Duplicates removed: 0 | Remaining missing values: 0
2026-07-11 23:37:21 | INFO | finmark_pipeline | trend_report: Removing 47 undocumented columns.
2026-07-11 23:37:21 | INFO | finmark_pipeline | Cleaning completed for trend_report | Rows: 20 -> 20 | Columns: 50 -> 3 | Duplicates removed: 0 | Remaining missing values: 0
2026-07-11 23:37:21 | INFO | finmark_pipeline | Cleaning report saved to: C:\Users\SCHOOL\Desktop\FinMark_DataPipeline\output\cleaning_report.csv
2026-07-11 23:37:21 | INFO | finmark_pipeline | Stage finished: Cleaning | Status: SUCCESS | Duration: 0.051943 seconds
2026-07-11 23:37:21 | INFO | finmark_pipeline | Pipeline performance report saved to: C:\Users\SCHOOL\Desktop\FinMark_DataPipeline\output\pipeline_performance.csv
2026-07-11 23:37:21 | INFO | finmark_pipeline | Stage 3 fallback and cleaning test completed.
2026-07-11 23:41:34 | INFO | finmark_pipeline | Logger initialized.
2026-07-11 23:41:34 | INFO | finmark_pipeline | Log directory: C:\Users\SCHOOL\Desktop\FinMark_DataPipeline\logs
2026-07-11 23:41:34 | INFO | finmark_pipeline | Stage 3 fallback and cleaning test started.
2026-07-11 23:41:34 | INFO | finmark_pipeline | Stage started: Ingestion
2026-07-11 23:41:34 | INFO | finmark_pipeline | Loading dataset 'event_logs' from C:\Users\SCHOOL\Desktop\FinMark_DataPipeline\data\raw\event_logs.csv | Attempt 1 of 3
2026-07-11 23:41:34 | INFO | finmark_pipeline | Dataset loaded successfully: event_logs | Rows: 2000 | Columns: 50
2026-07-11 23:41:34 | INFO | finmark_pipeline | Loading dataset 'marketing_summary' from C:\Users\SCHOOL\Desktop\FinMark_DataPipeline\data\raw\marketing_summary.csv | Attempt 1 of 3
2026-07-11 23:41:34 | INFO | finmark_pipeline | Dataset loaded successfully: marketing_summary | Rows: 100 | Columns: 50
2026-07-11 23:41:34 | INFO | finmark_pipeline | Loading dataset 'trend_report' from C:\Users\SCHOOL\Desktop\FinMark_DataPipeline\data\raw\trend_report.csv | Attempt 1 of 3
2026-07-11 23:41:34 | INFO | finmark_pipeline | Dataset loaded successfully: trend_report | Rows: 20 | Columns: 50
2026-07-11 23:41:34 | INFO | finmark_pipeline | Stage finished: Ingestion | Status: SUCCESS | Duration: 0.035816 seconds
2026-07-11 23:41:34 | INFO | finmark_pipeline | Stage started: Validation
2026-07-11 23:41:34 | INFO | finmark_pipeline | Schema validation started for dataset: event_logs
2026-07-11 23:41:34 | WARNING | finmark_pipeline | event_logs: 45 unexpected columns detected.
2026-07-11 23:41:34 | INFO | finmark_pipeline | Schema validation completed for event_logs | Mode: NORMAL | Warnings: 1 | Errors: 0
2026-07-11 23:41:34 | INFO | finmark_pipeline | Schema validation started for dataset: marketing_summary
2026-07-11 23:41:34 | WARNING | finmark_pipeline | marketing_summary: 45 unexpected columns detected.
2026-07-11 23:41:34 | INFO | finmark_pipeline | Schema validation completed for marketing_summary | Mode: NORMAL | Warnings: 1 | Errors: 0
2026-07-11 23:41:34 | INFO | finmark_pipeline | Schema validation started for dataset: trend_report
2026-07-11 23:41:34 | WARNING | finmark_pipeline | trend_report: 47 unexpected columns detected.
2026-07-11 23:41:34 | INFO | finmark_pipeline | Schema validation completed for trend_report | Mode: NORMAL | Warnings: 1 | Errors: 0
2026-07-11 23:41:34 | INFO | finmark_pipeline | Stage finished: Validation | Status: SUCCESS | Duration: 0.009147 seconds
2026-07-11 23:41:34 | INFO | finmark_pipeline | Stage started: Raw Profiling
2026-07-11 23:41:34 | INFO | finmark_pipeline | Profiling completed for event_logs | Rows: 2000 | Columns: 50 | Completeness: 73.33% | Duplicates: 0
2026-07-11 23:41:34 | INFO | finmark_pipeline | Profiling completed for marketing_summary | Rows: 100 | Columns: 50 | Completeness: 77.00% | Duplicates: 0
2026-07-11 23:41:34 | INFO | finmark_pipeline | Profiling completed for trend_report | Rows: 20 | Columns: 50 | Completeness: 80.10% | Duplicates: 0
2026-07-11 23:41:34 | INFO | finmark_pipeline | Data-quality report saved to: C:\Users\SCHOOL\Desktop\FinMark_DataPipeline\output\data_quality_report.csv
2026-07-11 23:41:34 | INFO | finmark_pipeline | Stage finished: Raw Profiling | Status: SUCCESS | Duration: 0.048560 seconds
2026-07-11 23:41:34 | INFO | finmark_pipeline | Stage started: Fallback Rules
2026-07-11 23:41:34 | WARNING | finmark_pipeline | The missing transaction amount rate exceeded the safe threshold. Affected records were quarantined and financial KPIs were disabled.
2026-07-11 23:41:34 | INFO | finmark_pipeline | Fallback action report saved to: C:\Users\SCHOOL\Desktop\FinMark_DataPipeline\output\fallback_actions.csv
2026-07-11 23:41:34 | INFO | finmark_pipeline | Stage finished: Fallback Rules | Status: SUCCESS | Duration: 0.040595 seconds
2026-07-11 23:41:34 | INFO | finmark_pipeline | Stage started: Cleaning
2026-07-11 23:41:34 | INFO | finmark_pipeline | event_logs: Removing 45 undocumented columns.
2026-07-11 23:41:34 | INFO | finmark_pipeline | Cleaning completed for event_logs | Rows: 1858 -> 1858 | Columns: 52 -> 7 | Duplicates removed: 0 | Remaining missing values: 874
2026-07-11 23:41:34 | INFO | finmark_pipeline | marketing_summary: Removing 45 undocumented columns.
2026-07-11 23:41:34 | INFO | finmark_pipeline | Cleaning completed for marketing_summary | Rows: 100 -> 100 | Columns: 50 -> 5 | Duplicates removed: 0 | Remaining missing values: 0
2026-07-11 23:41:34 | INFO | finmark_pipeline | trend_report: Removing 47 undocumented columns.
2026-07-11 23:41:34 | INFO | finmark_pipeline | Cleaning completed for trend_report | Rows: 20 -> 20 | Columns: 50 -> 3 | Duplicates removed: 0 | Remaining missing values: 0
2026-07-11 23:41:34 | INFO | finmark_pipeline | Cleaning report saved to: C:\Users\SCHOOL\Desktop\FinMark_DataPipeline\output\cleaning_report.csv
2026-07-11 23:41:34 | INFO | finmark_pipeline | Stage finished: Cleaning | Status: SUCCESS | Duration: 0.050017 seconds
2026-07-11 23:41:34 | INFO | finmark_pipeline | Pipeline performance report saved to: C:\Users\SCHOOL\Desktop\FinMark_DataPipeline\output\pipeline_performance.csv
2026-07-11 23:41:34 | INFO | finmark_pipeline | Stage 3 fallback and cleaning test completed.
2026-07-11 23:53:14 | INFO | finmark_pipeline | Logger initialized.
2026-07-11 23:53:14 | INFO | finmark_pipeline | Log directory: C:\Users\SCHOOL\Desktop\FinMark_DataPipeline\logs
2026-07-11 23:53:14 | INFO | finmark_pipeline | Stage 4 transformation and storage test started.
2026-07-11 23:53:14 | INFO | finmark_pipeline | Stage started: Ingestion
2026-07-11 23:53:14 | INFO | finmark_pipeline | Loading dataset 'event_logs' from C:\Users\SCHOOL\Desktop\FinMark_DataPipeline\data\raw\event_logs.csv | Attempt 1 of 3
2026-07-11 23:53:14 | INFO | finmark_pipeline | Dataset loaded successfully: event_logs | Rows: 2000 | Columns: 50
2026-07-11 23:53:14 | INFO | finmark_pipeline | Loading dataset 'marketing_summary' from C:\Users\SCHOOL\Desktop\FinMark_DataPipeline\data\raw\marketing_summary.csv | Attempt 1 of 3
2026-07-11 23:53:14 | INFO | finmark_pipeline | Dataset loaded successfully: marketing_summary | Rows: 100 | Columns: 50
2026-07-11 23:53:14 | INFO | finmark_pipeline | Loading dataset 'trend_report' from C:\Users\SCHOOL\Desktop\FinMark_DataPipeline\data\raw\trend_report.csv | Attempt 1 of 3
2026-07-11 23:53:14 | INFO | finmark_pipeline | Dataset loaded successfully: trend_report | Rows: 20 | Columns: 50
2026-07-11 23:53:14 | INFO | finmark_pipeline | Stage finished: Ingestion | Status: SUCCESS | Duration: 0.035366 seconds
2026-07-11 23:53:14 | INFO | finmark_pipeline | Stage started: Validation
2026-07-11 23:53:14 | INFO | finmark_pipeline | Schema validation started for dataset: event_logs
2026-07-11 23:53:14 | WARNING | finmark_pipeline | event_logs: 45 unexpected columns detected.
2026-07-11 23:53:14 | INFO | finmark_pipeline | Schema validation completed for event_logs | Mode: NORMAL | Warnings: 1 | Errors: 0
2026-07-11 23:53:14 | INFO | finmark_pipeline | Schema validation started for dataset: marketing_summary
2026-07-11 23:53:14 | WARNING | finmark_pipeline | marketing_summary: 45 unexpected columns detected.
2026-07-11 23:53:14 | INFO | finmark_pipeline | Schema validation completed for marketing_summary | Mode: NORMAL | Warnings: 1 | Errors: 0
2026-07-11 23:53:14 | INFO | finmark_pipeline | Schema validation started for dataset: trend_report
2026-07-11 23:53:14 | WARNING | finmark_pipeline | trend_report: 47 unexpected columns detected.
2026-07-11 23:53:14 | INFO | finmark_pipeline | Schema validation completed for trend_report | Mode: NORMAL | Warnings: 1 | Errors: 0
2026-07-11 23:53:14 | INFO | finmark_pipeline | Stage finished: Validation | Status: SUCCESS | Duration: 0.009001 seconds
2026-07-11 23:53:14 | INFO | finmark_pipeline | Stage started: Raw Profiling
2026-07-11 23:53:14 | INFO | finmark_pipeline | Profiling completed for event_logs | Rows: 2000 | Columns: 50 | Completeness: 73.33% | Duplicates: 0
2026-07-11 23:53:14 | INFO | finmark_pipeline | Profiling completed for marketing_summary | Rows: 100 | Columns: 50 | Completeness: 77.00% | Duplicates: 0
2026-07-11 23:53:14 | INFO | finmark_pipeline | Profiling completed for trend_report | Rows: 20 | Columns: 50 | Completeness: 80.10% | Duplicates: 0
2026-07-11 23:53:14 | INFO | finmark_pipeline | Data-quality report saved to: C:\Users\SCHOOL\Desktop\FinMark_DataPipeline\output\data_quality_report.csv
2026-07-11 23:53:14 | INFO | finmark_pipeline | Stage finished: Raw Profiling | Status: SUCCESS | Duration: 0.047477 seconds
2026-07-11 23:53:14 | INFO | finmark_pipeline | Stage started: Fallback Rules
2026-07-11 23:53:14 | WARNING | finmark_pipeline | The missing transaction amount rate exceeded the safe threshold. Affected records were quarantined and financial KPIs were disabled.
2026-07-11 23:53:14 | INFO | finmark_pipeline | Fallback action report saved to: C:\Users\SCHOOL\Desktop\FinMark_DataPipeline\output\fallback_actions.csv
2026-07-11 23:53:14 | INFO | finmark_pipeline | Stage finished: Fallback Rules | Status: SUCCESS | Duration: 0.042585 seconds
2026-07-11 23:53:14 | INFO | finmark_pipeline | Stage started: Cleaning
2026-07-11 23:53:14 | INFO | finmark_pipeline | event_logs: Removing 45 undocumented columns.
2026-07-11 23:53:14 | INFO | finmark_pipeline | Cleaning completed for event_logs | Rows: 1858 -> 1858 | Columns: 52 -> 7 | Duplicates removed: 0 | Remaining missing values: 874
2026-07-11 23:53:14 | INFO | finmark_pipeline | marketing_summary: Removing 45 undocumented columns.
2026-07-11 23:53:14 | INFO | finmark_pipeline | Cleaning completed for marketing_summary | Rows: 100 -> 100 | Columns: 50 -> 5 | Duplicates removed: 0 | Remaining missing values: 0
2026-07-11 23:53:14 | INFO | finmark_pipeline | trend_report: Removing 47 undocumented columns.
2026-07-11 23:53:14 | INFO | finmark_pipeline | Cleaning completed for trend_report | Rows: 20 -> 20 | Columns: 50 -> 3 | Duplicates removed: 0 | Remaining missing values: 0
2026-07-11 23:53:14 | INFO | finmark_pipeline | Cleaning report saved to: C:\Users\SCHOOL\Desktop\FinMark_DataPipeline\output\cleaning_report.csv
2026-07-11 23:53:14 | INFO | finmark_pipeline | Stage finished: Cleaning | Status: SUCCESS | Duration: 0.051019 seconds
2026-07-11 23:53:14 | INFO | finmark_pipeline | Stage started: Transformation
2026-07-11 23:53:14 | INFO | finmark_pipeline | Event Logs transformation completed | Rows: 1858 | Invalid dates: 0
2026-07-11 23:53:14 | INFO | finmark_pipeline | Marketing Summary transformation completed | Rows: 100 | Invalid dates: 0
2026-07-11 23:53:14 | INFO | finmark_pipeline | Trend Report transformation completed | Rows: 20 | Invalid weeks: 0
2026-07-11 23:53:14 | INFO | finmark_pipeline | Stage finished: Transformation | Status: SUCCESS | Duration: 0.056982 seconds
2026-07-11 23:53:14 | INFO | finmark_pipeline | Stage started: Storage
2026-07-11 23:53:14 | INFO | finmark_pipeline | Dataset saved: C:\Users\SCHOOL\Desktop\FinMark_DataPipeline\data\clean\event_logs_clean.csv | Rows: 1858 | Columns: 15 | Size: 252018 bytes
2026-07-11 23:53:14 | INFO | finmark_pipeline | Dataset saved: C:\Users\SCHOOL\Desktop\FinMark_DataPipeline\data\clean\marketing_summary_clean.csv | Rows: 100 | Columns: 9 | Size: 10438 bytes
2026-07-11 23:53:14 | INFO | finmark_pipeline | Dataset saved: C:\Users\SCHOOL\Desktop\FinMark_DataPipeline\data\clean\trend_report_clean.csv | Rows: 20 | Columns: 6 | Size: 941 bytes
2026-07-11 23:53:14 | INFO | finmark_pipeline | Dataset saved: C:\Users\SCHOOL\Desktop\FinMark_DataPipeline\data\curated\event_classification_report.csv | Rows: 15 | Columns: 4 | Size: 597 bytes
2026-07-11 23:53:14 | INFO | finmark_pipeline | Dataset saved: C:\Users\SCHOOL\Desktop\FinMark_DataPipeline\data\curated\daily_activity_summary.csv | Rows: 6 | Columns: 6 | Size: 278 bytes
2026-07-11 23:53:14 | INFO | finmark_pipeline | Dataset saved: C:\Users\SCHOOL\Desktop\FinMark_DataPipeline\data\curated\event_type_summary.csv | Rows: 8 | Columns: 7 | Size: 622 bytes
2026-07-11 23:53:14 | INFO | finmark_pipeline | Dataset saved: C:\Users\SCHOOL\Desktop\FinMark_DataPipeline\data\curated\daily_sales_summary.csv | Rows: 100 | Columns: 5 | Size: 4587 bytes
2026-07-11 23:53:14 | INFO | finmark_pipeline | Dataset saved: C:\Users\SCHOOL\Desktop\FinMark_DataPipeline\data\curated\monthly_sales_summary.csv | Rows: 4 | Columns: 6 | Size: 324 bytes
2026-07-11 23:53:14 | INFO | finmark_pipeline | Dataset saved: C:\Users\SCHOOL\Desktop\FinMark_DataPipeline\data\quarantine\event_logs_quarantine.csv | Rows: 142 | Columns: 53 | Size: 36055 bytes
2026-07-11 23:53:14 | INFO | finmark_pipeline | Storage metadata saved to: C:\Users\SCHOOL\Desktop\FinMark_DataPipeline\data\curated\storage_metadata.csv
2026-07-11 23:53:14 | INFO | finmark_pipeline | Stage finished: Storage | Status: SUCCESS | Duration: 0.029169 seconds
2026-07-11 23:53:14 | INFO | finmark_pipeline | Pipeline performance report saved to: C:\Users\SCHOOL\Desktop\FinMark_DataPipeline\output\pipeline_performance.csv
2026-07-11 23:53:14 | INFO | finmark_pipeline | Stage 4 transformation and storage test completed.
2026-07-12 00:04:03 | INFO | finmark_pipeline | Logger initialized.
2026-07-12 00:04:03 | INFO | finmark_pipeline | Log directory: C:\Users\SCHOOL\Desktop\FinMark_DataPipeline\logs
2026-07-12 00:04:03 | INFO | finmark_pipeline | Stage 5 business analytics test started.
2026-07-12 00:04:03 | INFO | finmark_pipeline | Stage started: Ingestion
2026-07-12 00:04:03 | INFO | finmark_pipeline | Loading dataset 'event_logs' from C:\Users\SCHOOL\Desktop\FinMark_DataPipeline\data\raw\event_logs.csv | Attempt 1 of 3
2026-07-12 00:04:03 | INFO | finmark_pipeline | Dataset loaded successfully: event_logs | Rows: 2000 | Columns: 50
2026-07-12 00:04:03 | INFO | finmark_pipeline | Loading dataset 'marketing_summary' from C:\Users\SCHOOL\Desktop\FinMark_DataPipeline\data\raw\marketing_summary.csv | Attempt 1 of 3
2026-07-12 00:04:03 | INFO | finmark_pipeline | Dataset loaded successfully: marketing_summary | Rows: 100 | Columns: 50
2026-07-12 00:04:03 | INFO | finmark_pipeline | Loading dataset 'trend_report' from C:\Users\SCHOOL\Desktop\FinMark_DataPipeline\data\raw\trend_report.csv | Attempt 1 of 3
2026-07-12 00:04:03 | INFO | finmark_pipeline | Dataset loaded successfully: trend_report | Rows: 20 | Columns: 50
2026-07-12 00:04:04 | INFO | finmark_pipeline | Stage finished: Ingestion | Status: SUCCESS | Duration: 0.034957 seconds
2026-07-12 00:04:04 | INFO | finmark_pipeline | Stage started: Validation
2026-07-12 00:04:04 | INFO | finmark_pipeline | Schema validation started for dataset: event_logs
2026-07-12 00:04:04 | WARNING | finmark_pipeline | event_logs: 45 unexpected columns detected.
2026-07-12 00:04:04 | INFO | finmark_pipeline | Schema validation completed for event_logs | Mode: NORMAL | Warnings: 1 | Errors: 0
2026-07-12 00:04:04 | INFO | finmark_pipeline | Schema validation started for dataset: marketing_summary
2026-07-12 00:04:04 | WARNING | finmark_pipeline | marketing_summary: 45 unexpected columns detected.
2026-07-12 00:04:04 | INFO | finmark_pipeline | Schema validation completed for marketing_summary | Mode: NORMAL | Warnings: 1 | Errors: 0
2026-07-12 00:04:04 | INFO | finmark_pipeline | Schema validation started for dataset: trend_report
2026-07-12 00:04:04 | WARNING | finmark_pipeline | trend_report: 47 unexpected columns detected.
2026-07-12 00:04:04 | INFO | finmark_pipeline | Schema validation completed for trend_report | Mode: NORMAL | Warnings: 1 | Errors: 0
2026-07-12 00:04:04 | INFO | finmark_pipeline | Stage finished: Validation | Status: SUCCESS | Duration: 0.008537 seconds
2026-07-12 00:04:04 | INFO | finmark_pipeline | Stage started: Raw Profiling
2026-07-12 00:04:04 | INFO | finmark_pipeline | Profiling completed for event_logs | Rows: 2000 | Columns: 50 | Completeness: 73.33% | Duplicates: 0
2026-07-12 00:04:04 | INFO | finmark_pipeline | Profiling completed for marketing_summary | Rows: 100 | Columns: 50 | Completeness: 77.00% | Duplicates: 0
2026-07-12 00:04:04 | INFO | finmark_pipeline | Profiling completed for trend_report | Rows: 20 | Columns: 50 | Completeness: 80.10% | Duplicates: 0
2026-07-12 00:04:04 | INFO | finmark_pipeline | Data-quality report saved to: C:\Users\SCHOOL\Desktop\FinMark_DataPipeline\output\data_quality_report.csv
2026-07-12 00:04:04 | INFO | finmark_pipeline | Stage finished: Raw Profiling | Status: SUCCESS | Duration: 0.043717 seconds
2026-07-12 00:04:04 | INFO | finmark_pipeline | Stage started: Fallback Rules
2026-07-12 00:04:04 | WARNING | finmark_pipeline | The missing transaction amount rate exceeded the safe threshold. Affected records were quarantined and financial KPIs were disabled.
2026-07-12 00:04:04 | INFO | finmark_pipeline | Fallback action report saved to: C:\Users\SCHOOL\Desktop\FinMark_DataPipeline\output\fallback_actions.csv
2026-07-12 00:04:04 | INFO | finmark_pipeline | Stage finished: Fallback Rules | Status: SUCCESS | Duration: 0.041762 seconds
2026-07-12 00:04:04 | INFO | finmark_pipeline | Stage started: Cleaning
2026-07-12 00:04:04 | INFO | finmark_pipeline | event_logs: Removing 45 undocumented columns.
2026-07-12 00:04:04 | INFO | finmark_pipeline | Cleaning completed for event_logs | Rows: 1858 -> 1858 | Columns: 52 -> 7 | Duplicates removed: 0 | Remaining missing values: 874
2026-07-12 00:04:04 | INFO | finmark_pipeline | marketing_summary: Removing 45 undocumented columns.
2026-07-12 00:04:04 | INFO | finmark_pipeline | Cleaning completed for marketing_summary | Rows: 100 -> 100 | Columns: 50 -> 5 | Duplicates removed: 0 | Remaining missing values: 0
2026-07-12 00:04:04 | INFO | finmark_pipeline | trend_report: Removing 47 undocumented columns.
2026-07-12 00:04:04 | INFO | finmark_pipeline | Cleaning completed for trend_report | Rows: 20 -> 20 | Columns: 50 -> 3 | Duplicates removed: 0 | Remaining missing values: 0
2026-07-12 00:04:04 | INFO | finmark_pipeline | Cleaning report saved to: C:\Users\SCHOOL\Desktop\FinMark_DataPipeline\output\cleaning_report.csv
2026-07-12 00:04:04 | INFO | finmark_pipeline | Stage finished: Cleaning | Status: SUCCESS | Duration: 0.051888 seconds
2026-07-12 00:04:04 | INFO | finmark_pipeline | Stage started: Transformation
2026-07-12 00:04:04 | INFO | finmark_pipeline | Event Logs transformation completed | Rows: 1858 | Invalid dates: 0
2026-07-12 00:04:04 | INFO | finmark_pipeline | Marketing Summary transformation completed | Rows: 100 | Invalid dates: 0
2026-07-12 00:04:04 | INFO | finmark_pipeline | Trend Report transformation completed | Rows: 20 | Invalid weeks: 0
2026-07-12 00:04:04 | INFO | finmark_pipeline | Stage finished: Transformation | Status: SUCCESS | Duration: 0.043021 seconds
2026-07-12 00:04:04 | INFO | finmark_pipeline | Stage started: Storage
2026-07-12 00:04:04 | INFO | finmark_pipeline | Dataset saved: C:\Users\SCHOOL\Desktop\FinMark_DataPipeline\data\clean\event_logs_clean.csv | Rows: 1858 | Columns: 15 | Size: 252018 bytes
2026-07-12 00:04:04 | INFO | finmark_pipeline | Dataset saved: C:\Users\SCHOOL\Desktop\FinMark_DataPipeline\data\clean\marketing_summary_clean.csv | Rows: 100 | Columns: 9 | Size: 10438 bytes
2026-07-12 00:04:04 | INFO | finmark_pipeline | Dataset saved: C:\Users\SCHOOL\Desktop\FinMark_DataPipeline\data\clean\trend_report_clean.csv | Rows: 20 | Columns: 6 | Size: 941 bytes
2026-07-12 00:04:04 | INFO | finmark_pipeline | Dataset saved: C:\Users\SCHOOL\Desktop\FinMark_DataPipeline\data\curated\event_classification_report.csv | Rows: 15 | Columns: 4 | Size: 597 bytes
2026-07-12 00:04:04 | INFO | finmark_pipeline | Dataset saved: C:\Users\SCHOOL\Desktop\FinMark_DataPipeline\data\curated\daily_activity_summary.csv | Rows: 6 | Columns: 6 | Size: 278 bytes
2026-07-12 00:04:04 | INFO | finmark_pipeline | Dataset saved: C:\Users\SCHOOL\Desktop\FinMark_DataPipeline\data\curated\event_type_summary.csv | Rows: 8 | Columns: 7 | Size: 622 bytes
2026-07-12 00:04:04 | INFO | finmark_pipeline | Dataset saved: C:\Users\SCHOOL\Desktop\FinMark_DataPipeline\data\curated\daily_sales_summary.csv | Rows: 100 | Columns: 5 | Size: 4587 bytes
2026-07-12 00:04:04 | INFO | finmark_pipeline | Dataset saved: C:\Users\SCHOOL\Desktop\FinMark_DataPipeline\data\curated\monthly_sales_summary.csv | Rows: 4 | Columns: 6 | Size: 324 bytes
2026-07-12 00:04:04 | INFO | finmark_pipeline | Dataset saved: C:\Users\SCHOOL\Desktop\FinMark_DataPipeline\data\quarantine\event_logs_quarantine.csv | Rows: 142 | Columns: 53 | Size: 36055 bytes
2026-07-12 00:04:04 | INFO | finmark_pipeline | Storage metadata saved to: C:\Users\SCHOOL\Desktop\FinMark_DataPipeline\data\curated\storage_metadata.csv
2026-07-12 00:04:04 | INFO | finmark_pipeline | Stage finished: Storage | Status: SUCCESS | Duration: 0.026948 seconds
2026-07-12 00:04:04 | INFO | finmark_pipeline | Stage started: Business Analytics
2026-07-12 00:04:04 | INFO | finmark_pipeline | Business analytics completed | KPIs: 22 | Health score: 95.22
2026-07-12 00:04:04 | INFO | finmark_pipeline | Stage finished: Business Analytics | Status: SUCCESS | Duration: 0.021669 seconds
2026-07-12 00:04:04 | INFO | finmark_pipeline | Pipeline performance report saved to: C:\Users\SCHOOL\Desktop\FinMark_DataPipeline\output\pipeline_performance.csv
2026-07-12 00:04:04 | INFO | finmark_pipeline | Stage 5 business analytics test completed.
2026-07-12 01:32:38,690 | INFO | finmark_pipeline.ingestion | Stage started: Data Ingestion
2026-07-12 01:32:38,691 | INFO | finmark_pipeline.ingestion | Loading dataset | Name: event_logs | Path: C:\Users\SCHOOL\Desktop\FinMark_DataPipeline\data\raw\event_logs.csv
2026-07-12 01:32:38,705 | INFO | finmark_pipeline.ingestion | Dataset loaded successfully | Name: event_logs | Rows: 2000 | Columns: 50
2026-07-12 01:32:38,706 | INFO | finmark_pipeline.ingestion | Loading dataset | Name: marketing_summary | Path: C:\Users\SCHOOL\Desktop\FinMark_DataPipeline\data\raw\marketing_summary.csv
2026-07-12 01:32:38,710 | INFO | finmark_pipeline.ingestion | Dataset loaded successfully | Name: marketing_summary | Rows: 100 | Columns: 50
2026-07-12 01:32:38,710 | INFO | finmark_pipeline.ingestion | Loading dataset | Name: trend_report | Path: C:\Users\SCHOOL\Desktop\FinMark_DataPipeline\data\raw\trend_report.csv
2026-07-12 01:32:38,713 | INFO | finmark_pipeline.ingestion | Dataset loaded successfully | Name: trend_report | Rows: 20 | Columns: 50
2026-07-12 01:32:38,714 | INFO | finmark_pipeline.ingestion | Stage finished: Data Ingestion | Status: SUCCESS | Datasets: 3 | Total Rows: 2120
2026-07-12 01:32:39,275 | INFO | finmark_pipeline.ingestion | Stage started: Data Ingestion
2026-07-12 01:32:39,276 | INFO | finmark_pipeline.ingestion | Loading dataset | Name: event_logs | Path: C:\Users\SCHOOL\Desktop\FinMark_DataPipeline\data\raw\event_logs.csv
2026-07-12 01:32:39,291 | INFO | finmark_pipeline.ingestion | Dataset loaded successfully | Name: event_logs | Rows: 2000 | Columns: 50
2026-07-12 01:32:39,292 | INFO | finmark_pipeline.ingestion | Loading dataset | Name: marketing_summary | Path: C:\Users\SCHOOL\Desktop\FinMark_DataPipeline\data\raw\marketing_summary.csv
2026-07-12 01:32:39,295 | INFO | finmark_pipeline.ingestion | Dataset loaded successfully | Name: marketing_summary | Rows: 100 | Columns: 50
2026-07-12 01:32:39,296 | INFO | finmark_pipeline.ingestion | Loading dataset | Name: trend_report | Path: C:\Users\SCHOOL\Desktop\FinMark_DataPipeline\data\raw\trend_report.csv
2026-07-12 01:32:39,299 | INFO | finmark_pipeline.ingestion | Dataset loaded successfully | Name: trend_report | Rows: 20 | Columns: 50
2026-07-12 01:32:39,300 | INFO | finmark_pipeline.ingestion | Stage finished: Data Ingestion | Status: SUCCESS | Datasets: 3 | Total Rows: 2120
2026-07-12 01:32:39,935 | INFO | finmark_pipeline.ingestion | Stage started: Data Ingestion
2026-07-12 01:32:39,935 | INFO | finmark_pipeline.ingestion | Loading dataset | Name: event_logs | Path: C:\Users\SCHOOL\Desktop\FinMark_DataPipeline\data\raw\event_logs.csv
2026-07-12 01:32:39,950 | INFO | finmark_pipeline.ingestion | Dataset loaded successfully | Name: event_logs | Rows: 2000 | Columns: 50
2026-07-12 01:32:39,950 | INFO | finmark_pipeline.ingestion | Loading dataset | Name: marketing_summary | Path: C:\Users\SCHOOL\Desktop\FinMark_DataPipeline\data\raw\marketing_summary.csv
2026-07-12 01:32:39,954 | INFO | finmark_pipeline.ingestion | Dataset loaded successfully | Name: marketing_summary | Rows: 100 | Columns: 50
2026-07-12 01:32:39,954 | INFO | finmark_pipeline.ingestion | Loading dataset | Name: trend_report | Path: C:\Users\SCHOOL\Desktop\FinMark_DataPipeline\data\raw\trend_report.csv
2026-07-12 01:32:39,957 | INFO | finmark_pipeline.ingestion | Dataset loaded successfully | Name: trend_report | Rows: 20 | Columns: 50
2026-07-12 01:32:39,958 | INFO | finmark_pipeline.ingestion | Stage finished: Data Ingestion | Status: SUCCESS | Datasets: 3 | Total Rows: 2120
2026-07-12 01:32:40,680 | INFO | finmark_pipeline.ingestion | Stage started: Data Ingestion
2026-07-12 01:32:40,681 | INFO | finmark_pipeline.ingestion | Loading dataset | Name: event_logs | Path: C:\Users\SCHOOL\Desktop\FinMark_DataPipeline\data\raw\event_logs.csv
2026-07-12 01:32:40,695 | INFO | finmark_pipeline.ingestion | Dataset loaded successfully | Name: event_logs | Rows: 2000 | Columns: 50
2026-07-12 01:32:40,696 | INFO | finmark_pipeline.ingestion | Loading dataset | Name: marketing_summary | Path: C:\Users\SCHOOL\Desktop\FinMark_DataPipeline\data\raw\marketing_summary.csv
2026-07-12 01:32:40,700 | INFO | finmark_pipeline.ingestion | Dataset loaded successfully | Name: marketing_summary | Rows: 100 | Columns: 50
2026-07-12 01:32:40,700 | INFO | finmark_pipeline.ingestion | Loading dataset | Name: trend_report | Path: C:\Users\SCHOOL\Desktop\FinMark_DataPipeline\data\raw\trend_report.csv
2026-07-12 01:32:40,703 | INFO | finmark_pipeline.ingestion | Dataset loaded successfully | Name: trend_report | Rows: 20 | Columns: 50
2026-07-12 01:32:40,703 | INFO | finmark_pipeline.ingestion | Stage finished: Data Ingestion | Status: SUCCESS | Datasets: 3 | Total Rows: 2120
2026-07-12 01:33:06,004 | INFO | finmark_pipeline.ingestion | Stage started: Data Ingestion
2026-07-12 01:33:06,004 | INFO | finmark_pipeline.ingestion | Loading dataset | Name: event_logs | Path: C:\Users\SCHOOL\Desktop\FinMark_DataPipeline\data\raw\event_logs.csv
2026-07-12 01:33:06,018 | INFO | finmark_pipeline.ingestion | Dataset loaded successfully | Name: event_logs | Rows: 2000 | Columns: 50
2026-07-12 01:33:06,019 | INFO | finmark_pipeline.ingestion | Loading dataset | Name: marketing_summary | Path: C:\Users\SCHOOL\Desktop\FinMark_DataPipeline\data\raw\marketing_summary.csv
2026-07-12 01:33:06,022 | INFO | finmark_pipeline.ingestion | Dataset loaded successfully | Name: marketing_summary | Rows: 100 | Columns: 50
2026-07-12 01:33:06,023 | INFO | finmark_pipeline.ingestion | Loading dataset | Name: trend_report | Path: C:\Users\SCHOOL\Desktop\FinMark_DataPipeline\data\raw\trend_report.csv
2026-07-12 01:33:06,026 | INFO | finmark_pipeline.ingestion | Dataset loaded successfully | Name: trend_report | Rows: 20 | Columns: 50
2026-07-12 01:33:06,027 | INFO | finmark_pipeline.ingestion | Stage finished: Data Ingestion | Status: SUCCESS | Datasets: 3 | Total Rows: 2120
2026-07-12 01:33:06,549 | INFO | finmark_pipeline.ingestion | Stage started: Data Ingestion
2026-07-12 01:33:06,549 | INFO | finmark_pipeline.ingestion | Loading dataset | Name: event_logs | Path: C:\Users\SCHOOL\Desktop\FinMark_DataPipeline\data\raw\event_logs.csv
2026-07-12 01:33:06,564 | INFO | finmark_pipeline.ingestion | Dataset loaded successfully | Name: event_logs | Rows: 2000 | Columns: 50
2026-07-12 01:33:06,564 | INFO | finmark_pipeline.ingestion | Loading dataset | Name: marketing_summary | Path: C:\Users\SCHOOL\Desktop\FinMark_DataPipeline\data\raw\marketing_summary.csv
2026-07-12 01:33:06,567 | INFO | finmark_pipeline.ingestion | Dataset loaded successfully | Name: marketing_summary | Rows: 100 | Columns: 50
2026-07-12 01:33:06,568 | INFO | finmark_pipeline.ingestion | Loading dataset | Name: trend_report | Path: C:\Users\SCHOOL\Desktop\FinMark_DataPipeline\data\raw\trend_report.csv
2026-07-12 01:33:06,571 | INFO | finmark_pipeline.ingestion | Dataset loaded successfully | Name: trend_report | Rows: 20 | Columns: 50
2026-07-12 01:33:06,571 | INFO | finmark_pipeline.ingestion | Stage finished: Data Ingestion | Status: SUCCESS | Datasets: 3 | Total Rows: 2120
2026-07-12 01:33:07,152 | INFO | finmark_pipeline.ingestion | Stage started: Data Ingestion
2026-07-12 01:33:07,152 | INFO | finmark_pipeline.ingestion | Loading dataset | Name: event_logs | Path: C:\Users\SCHOOL\Desktop\FinMark_DataPipeline\data\raw\event_logs.csv
2026-07-12 01:33:07,166 | INFO | finmark_pipeline.ingestion | Dataset loaded successfully | Name: event_logs | Rows: 2000 | Columns: 50
2026-07-12 01:33:07,167 | INFO | finmark_pipeline.ingestion | Loading dataset | Name: marketing_summary | Path: C:\Users\SCHOOL\Desktop\FinMark_DataPipeline\data\raw\marketing_summary.csv
2026-07-12 01:33:07,170 | INFO | finmark_pipeline.ingestion | Dataset loaded successfully | Name: marketing_summary | Rows: 100 | Columns: 50
2026-07-12 01:33:07,171 | INFO | finmark_pipeline.ingestion | Loading dataset | Name: trend_report | Path: C:\Users\SCHOOL\Desktop\FinMark_DataPipeline\data\raw\trend_report.csv
2026-07-12 01:33:07,173 | INFO | finmark_pipeline.ingestion | Dataset loaded successfully | Name: trend_report | Rows: 20 | Columns: 50
2026-07-12 01:33:07,174 | INFO | finmark_pipeline.ingestion | Stage finished: Data Ingestion | Status: SUCCESS | Datasets: 3 | Total Rows: 2120
2026-07-12 01:33:07,873 | INFO | finmark_pipeline.ingestion | Stage started: Data Ingestion
2026-07-12 01:33:07,873 | INFO | finmark_pipeline.ingestion | Loading dataset | Name: event_logs | Path: C:\Users\SCHOOL\Desktop\FinMark_DataPipeline\data\raw\event_logs.csv
2026-07-12 01:33:07,887 | INFO | finmark_pipeline.ingestion | Dataset loaded successfully | Name: event_logs | Rows: 2000 | Columns: 50
2026-07-12 01:33:07,888 | INFO | finmark_pipeline.ingestion | Loading dataset | Name: marketing_summary | Path: C:\Users\SCHOOL\Desktop\FinMark_DataPipeline\data\raw\marketing_summary.csv
2026-07-12 01:33:07,892 | INFO | finmark_pipeline.ingestion | Dataset loaded successfully | Name: marketing_summary | Rows: 100 | Columns: 50
2026-07-12 01:33:07,892 | INFO | finmark_pipeline.ingestion | Loading dataset | Name: trend_report | Path: C:\Users\SCHOOL\Desktop\FinMark_DataPipeline\data\raw\trend_report.csv
2026-07-12 01:33:07,895 | INFO | finmark_pipeline.ingestion | Dataset loaded successfully | Name: trend_report | Rows: 20 | Columns: 50
2026-07-12 01:33:07,896 | INFO | finmark_pipeline.ingestion | Stage finished: Data Ingestion | Status: SUCCESS | Datasets: 3 | Total Rows: 2120
2026-07-12 01:53:07,646 | INFO | finmark_pipeline.ingestion | Stage started: Data Ingestion
2026-07-12 01:53:07,647 | INFO | finmark_pipeline.ingestion | Loading dataset | Name: event_logs | Path: C:\Users\SCHOOL\Desktop\FinMark_DataPipeline\data\raw\event_logs.csv
2026-07-12 01:53:07,661 | INFO | finmark_pipeline.ingestion | Dataset loaded successfully | Name: event_logs | Rows: 2000 | Columns: 50
2026-07-12 01:53:07,662 | INFO | finmark_pipeline.ingestion | Loading dataset | Name: marketing_summary | Path: C:\Users\SCHOOL\Desktop\FinMark_DataPipeline\data\raw\marketing_summary.csv
2026-07-12 01:53:07,666 | INFO | finmark_pipeline.ingestion | Dataset loaded successfully | Name: marketing_summary | Rows: 100 | Columns: 50
2026-07-12 01:53:07,666 | INFO | finmark_pipeline.ingestion | Loading dataset | Name: trend_report | Path: C:\Users\SCHOOL\Desktop\FinMark_DataPipeline\data\raw\trend_report.csv
2026-07-12 01:53:07,669 | INFO | finmark_pipeline.ingestion | Dataset loaded successfully | Name: trend_report | Rows: 20 | Columns: 50
2026-07-12 01:53:07,669 | INFO | finmark_pipeline.ingestion | Stage finished: Data Ingestion | Status: SUCCESS | Datasets: 3 | Total Rows: 2120
2026-07-12 01:53:08,207 | INFO | finmark_pipeline.ingestion | Stage started: Data Ingestion
2026-07-12 01:53:08,208 | INFO | finmark_pipeline.ingestion | Loading dataset | Name: event_logs | Path: C:\Users\SCHOOL\Desktop\FinMark_DataPipeline\data\raw\event_logs.csv
2026-07-12 01:53:08,221 | INFO | finmark_pipeline.ingestion | Dataset loaded successfully | Name: event_logs | Rows: 2000 | Columns: 50
2026-07-12 01:53:08,222 | INFO | finmark_pipeline.ingestion | Loading dataset | Name: marketing_summary | Path: C:\Users\SCHOOL\Desktop\FinMark_DataPipeline\data\raw\marketing_summary.csv
2026-07-12 01:53:08,226 | INFO | finmark_pipeline.ingestion | Dataset loaded successfully | Name: marketing_summary | Rows: 100 | Columns: 50
2026-07-12 01:53:08,226 | INFO | finmark_pipeline.ingestion | Loading dataset | Name: trend_report | Path: C:\Users\SCHOOL\Desktop\FinMark_DataPipeline\data\raw\trend_report.csv
2026-07-12 01:53:08,229 | INFO | finmark_pipeline.ingestion | Dataset loaded successfully | Name: trend_report | Rows: 20 | Columns: 50
2026-07-12 01:53:08,230 | INFO | finmark_pipeline.ingestion | Stage finished: Data Ingestion | Status: SUCCESS | Datasets: 3 | Total Rows: 2120
2026-07-12 01:53:08,830 | INFO | finmark_pipeline.ingestion | Stage started: Data Ingestion
2026-07-12 01:53:08,831 | INFO | finmark_pipeline.ingestion | Loading dataset | Name: event_logs | Path: C:\Users\SCHOOL\Desktop\FinMark_DataPipeline\data\raw\event_logs.csv
2026-07-12 01:53:08,845 | INFO | finmark_pipeline.ingestion | Dataset loaded successfully | Name: event_logs | Rows: 2000 | Columns: 50
2026-07-12 01:53:08,846 | INFO | finmark_pipeline.ingestion | Loading dataset | Name: marketing_summary | Path: C:\Users\SCHOOL\Desktop\FinMark_DataPipeline\data\raw\marketing_summary.csv
2026-07-12 01:53:08,849 | INFO | finmark_pipeline.ingestion | Dataset loaded successfully | Name: marketing_summary | Rows: 100 | Columns: 50
2026-07-12 01:53:08,850 | INFO | finmark_pipeline.ingestion | Loading dataset | Name: trend_report | Path: C:\Users\SCHOOL\Desktop\FinMark_DataPipeline\data\raw\trend_report.csv
2026-07-12 01:53:08,852 | INFO | finmark_pipeline.ingestion | Dataset loaded successfully | Name: trend_report | Rows: 20 | Columns: 50
2026-07-12 01:53:08,853 | INFO | finmark_pipeline.ingestion | Stage finished: Data Ingestion | Status: SUCCESS | Datasets: 3 | Total Rows: 2120
2026-07-12 01:53:09,566 | INFO | finmark_pipeline.ingestion | Stage started: Data Ingestion
2026-07-12 01:53:09,566 | INFO | finmark_pipeline.ingestion | Loading dataset | Name: event_logs | Path: C:\Users\SCHOOL\Desktop\FinMark_DataPipeline\data\raw\event_logs.csv
2026-07-12 01:53:09,580 | INFO | finmark_pipeline.ingestion | Dataset loaded successfully | Name: event_logs | Rows: 2000 | Columns: 50
2026-07-12 01:53:09,581 | INFO | finmark_pipeline.ingestion | Loading dataset | Name: marketing_summary | Path: C:\Users\SCHOOL\Desktop\FinMark_DataPipeline\data\raw\marketing_summary.csv
2026-07-12 01:53:09,584 | INFO | finmark_pipeline.ingestion | Dataset loaded successfully | Name: marketing_summary | Rows: 100 | Columns: 50
2026-07-12 01:53:09,585 | INFO | finmark_pipeline.ingestion | Loading dataset | Name: trend_report | Path: C:\Users\SCHOOL\Desktop\FinMark_DataPipeline\data\raw\trend_report.csv
2026-07-12 01:53:09,588 | INFO | finmark_pipeline.ingestion | Dataset loaded successfully | Name: trend_report | Rows: 20 | Columns: 50
2026-07-12 01:53:09,588 | INFO | finmark_pipeline.ingestion | Stage finished: Data Ingestion | Status: SUCCESS | Datasets: 3 | Total Rows: 2120
2026-07-12 01:53:29,067 | INFO | finmark_pipeline.ingestion | Stage started: Data Ingestion
2026-07-12 01:53:29,067 | INFO | finmark_pipeline.ingestion | Loading dataset | Name: event_logs | Path: C:\Users\SCHOOL\Desktop\FinMark_DataPipeline\data\raw\event_logs.csv
2026-07-12 01:53:29,081 | INFO | finmark_pipeline.ingestion | Dataset loaded successfully | Name: event_logs | Rows: 2000 | Columns: 50
2026-07-12 01:53:29,082 | INFO | finmark_pipeline.ingestion | Loading dataset | Name: marketing_summary | Path: C:\Users\SCHOOL\Desktop\FinMark_DataPipeline\data\raw\marketing_summary.csv
2026-07-12 01:53:29,085 | INFO | finmark_pipeline.ingestion | Dataset loaded successfully | Name: marketing_summary | Rows: 100 | Columns: 50
2026-07-12 01:53:29,086 | INFO | finmark_pipeline.ingestion | Loading dataset | Name: trend_report | Path: C:\Users\SCHOOL\Desktop\FinMark_DataPipeline\data\raw\trend_report.csv
2026-07-12 01:53:29,088 | INFO | finmark_pipeline.ingestion | Dataset loaded successfully | Name: trend_report | Rows: 20 | Columns: 50
2026-07-12 01:53:29,089 | INFO | finmark_pipeline.ingestion | Stage finished: Data Ingestion | Status: SUCCESS | Datasets: 3 | Total Rows: 2120
2026-07-12 01:53:29,628 | INFO | finmark_pipeline.ingestion | Stage started: Data Ingestion
2026-07-12 01:53:29,629 | INFO | finmark_pipeline.ingestion | Loading dataset | Name: event_logs | Path: C:\Users\SCHOOL\Desktop\FinMark_DataPipeline\data\raw\event_logs.csv
2026-07-12 01:53:29,644 | INFO | finmark_pipeline.ingestion | Dataset loaded successfully | Name: event_logs | Rows: 2000 | Columns: 50
2026-07-12 01:53:29,645 | INFO | finmark_pipeline.ingestion | Loading dataset | Name: marketing_summary | Path: C:\Users\SCHOOL\Desktop\FinMark_DataPipeline\data\raw\marketing_summary.csv
2026-07-12 01:53:29,648 | INFO | finmark_pipeline.ingestion | Dataset loaded successfully | Name: marketing_summary | Rows: 100 | Columns: 50
2026-07-12 01:53:29,649 | INFO | finmark_pipeline.ingestion | Loading dataset | Name: trend_report | Path: C:\Users\SCHOOL\Desktop\FinMark_DataPipeline\data\raw\trend_report.csv
2026-07-12 01:53:29,651 | INFO | finmark_pipeline.ingestion | Dataset loaded successfully | Name: trend_report | Rows: 20 | Columns: 50
2026-07-12 01:53:29,652 | INFO | finmark_pipeline.ingestion | Stage finished: Data Ingestion | Status: SUCCESS | Datasets: 3 | Total Rows: 2120
2026-07-12 01:53:30,245 | INFO | finmark_pipeline.ingestion | Stage started: Data Ingestion
2026-07-12 01:53:30,246 | INFO | finmark_pipeline.ingestion | Loading dataset | Name: event_logs | Path: C:\Users\SCHOOL\Desktop\FinMark_DataPipeline\data\raw\event_logs.csv
2026-07-12 01:53:30,260 | INFO | finmark_pipeline.ingestion | Dataset loaded successfully | Name: event_logs | Rows: 2000 | Columns: 50
2026-07-12 01:53:30,260 | INFO | finmark_pipeline.ingestion | Loading dataset | Name: marketing_summary | Path: C:\Users\SCHOOL\Desktop\FinMark_DataPipeline\data\raw\marketing_summary.csv
2026-07-12 01:53:30,264 | INFO | finmark_pipeline.ingestion | Dataset loaded successfully | Name: marketing_summary | Rows: 100 | Columns: 50
2026-07-12 01:53:30,264 | INFO | finmark_pipeline.ingestion | Loading dataset | Name: trend_report | Path: C:\Users\SCHOOL\Desktop\FinMark_DataPipeline\data\raw\trend_report.csv
2026-07-12 01:53:30,267 | INFO | finmark_pipeline.ingestion | Dataset loaded successfully | Name: trend_report | Rows: 20 | Columns: 50
2026-07-12 01:53:30,268 | INFO | finmark_pipeline.ingestion | Stage finished: Data Ingestion | Status: SUCCESS | Datasets: 3 | Total Rows: 2120
2026-07-12 01:53:30,977 | INFO | finmark_pipeline.ingestion | Stage started: Data Ingestion
2026-07-12 01:53:30,977 | INFO | finmark_pipeline.ingestion | Loading dataset | Name: event_logs | Path: C:\Users\SCHOOL\Desktop\FinMark_DataPipeline\data\raw\event_logs.csv
2026-07-12 01:53:30,991 | INFO | finmark_pipeline.ingestion | Dataset loaded successfully | Name: event_logs | Rows: 2000 | Columns: 50
2026-07-12 01:53:30,992 | INFO | finmark_pipeline.ingestion | Loading dataset | Name: marketing_summary | Path: C:\Users\SCHOOL\Desktop\FinMark_DataPipeline\data\raw\marketing_summary.csv
2026-07-12 01:53:30,995 | INFO | finmark_pipeline.ingestion | Dataset loaded successfully | Name: marketing_summary | Rows: 100 | Columns: 50
2026-07-12 01:53:30,996 | INFO | finmark_pipeline.ingestion | Loading dataset | Name: trend_report | Path: C:\Users\SCHOOL\Desktop\FinMark_DataPipeline\data\raw\trend_report.csv
2026-07-12 01:53:30,998 | INFO | finmark_pipeline.ingestion | Dataset loaded successfully | Name: trend_report | Rows: 20 | Columns: 50
2026-07-12 01:53:30,999 | INFO | finmark_pipeline.ingestion | Stage finished: Data Ingestion | Status: SUCCESS | Datasets: 3 | Total Rows: 2120
2026-07-12 01:55:05,058 | INFO | finmark_pipeline.ingestion | Stage started: Data Ingestion
2026-07-12 01:55:05,059 | INFO | finmark_pipeline.ingestion | Loading dataset | Name: event_logs | Path: C:\Users\SCHOOL\Desktop\FinMark_DataPipeline\data\raw\event_logs.csv
2026-07-12 01:55:05,072 | INFO | finmark_pipeline.ingestion | Dataset loaded successfully | Name: event_logs | Rows: 2000 | Columns: 50
2026-07-12 01:55:05,073 | INFO | finmark_pipeline.ingestion | Loading dataset | Name: marketing_summary | Path: C:\Users\SCHOOL\Desktop\FinMark_DataPipeline\data\raw\marketing_summary.csv
2026-07-12 01:55:05,076 | INFO | finmark_pipeline.ingestion | Dataset loaded successfully | Name: marketing_summary | Rows: 100 | Columns: 50
2026-07-12 01:55:05,077 | INFO | finmark_pipeline.ingestion | Loading dataset | Name: trend_report | Path: C:\Users\SCHOOL\Desktop\FinMark_DataPipeline\data\raw\trend_report.csv
2026-07-12 01:55:05,079 | INFO | finmark_pipeline.ingestion | Dataset loaded successfully | Name: trend_report | Rows: 20 | Columns: 50
2026-07-12 01:55:05,080 | INFO | finmark_pipeline.ingestion | Stage finished: Data Ingestion | Status: SUCCESS | Datasets: 3 | Total Rows: 2120
2026-07-12 01:55:05,602 | INFO | finmark_pipeline.ingestion | Stage started: Data Ingestion
2026-07-12 01:55:05,603 | INFO | finmark_pipeline.ingestion | Loading dataset | Name: event_logs | Path: C:\Users\SCHOOL\Desktop\FinMark_DataPipeline\data\raw\event_logs.csv
2026-07-12 01:55:05,617 | INFO | finmark_pipeline.ingestion | Dataset loaded successfully | Name: event_logs | Rows: 2000 | Columns: 50
2026-07-12 01:55:05,617 | INFO | finmark_pipeline.ingestion | Loading dataset | Name: marketing_summary | Path: C:\Users\SCHOOL\Desktop\FinMark_DataPipeline\data\raw\marketing_summary.csv
2026-07-12 01:55:05,621 | INFO | finmark_pipeline.ingestion | Dataset loaded successfully | Name: marketing_summary | Rows: 100 | Columns: 50
2026-07-12 01:55:05,621 | INFO | finmark_pipeline.ingestion | Loading dataset | Name: trend_report | Path: C:\Users\SCHOOL\Desktop\FinMark_DataPipeline\data\raw\trend_report.csv
2026-07-12 01:55:05,624 | INFO | finmark_pipeline.ingestion | Dataset loaded successfully | Name: trend_report | Rows: 20 | Columns: 50
2026-07-12 01:55:05,624 | INFO | finmark_pipeline.ingestion | Stage finished: Data Ingestion | Status: SUCCESS | Datasets: 3 | Total Rows: 2120
2026-07-12 01:55:06,222 | INFO | finmark_pipeline.ingestion | Stage started: Data Ingestion
2026-07-12 01:55:06,222 | INFO | finmark_pipeline.ingestion | Loading dataset | Name: event_logs | Path: C:\Users\SCHOOL\Desktop\FinMark_DataPipeline\data\raw\event_logs.csv
2026-07-12 01:55:06,235 | INFO | finmark_pipeline.ingestion | Dataset loaded successfully | Name: event_logs | Rows: 2000 | Columns: 50
2026-07-12 01:55:06,236 | INFO | finmark_pipeline.ingestion | Loading dataset | Name: marketing_summary | Path: C:\Users\SCHOOL\Desktop\FinMark_DataPipeline\data\raw\marketing_summary.csv
2026-07-12 01:55:06,239 | INFO | finmark_pipeline.ingestion | Dataset loaded successfully | Name: marketing_summary | Rows: 100 | Columns: 50
2026-07-12 01:55:06,240 | INFO | finmark_pipeline.ingestion | Loading dataset | Name: trend_report | Path: C:\Users\SCHOOL\Desktop\FinMark_DataPipeline\data\raw\trend_report.csv
2026-07-12 01:55:06,242 | INFO | finmark_pipeline.ingestion | Dataset loaded successfully | Name: trend_report | Rows: 20 | Columns: 50
2026-07-12 01:55:06,243 | INFO | finmark_pipeline.ingestion | Stage finished: Data Ingestion | Status: SUCCESS | Datasets: 3 | Total Rows: 2120
2026-07-12 01:55:06,927 | INFO | finmark_pipeline.ingestion | Stage started: Data Ingestion
2026-07-12 01:55:06,928 | INFO | finmark_pipeline.ingestion | Loading dataset | Name: event_logs | Path: C:\Users\SCHOOL\Desktop\FinMark_DataPipeline\data\raw\event_logs.csv
2026-07-12 01:55:06,941 | INFO | finmark_pipeline.ingestion | Dataset loaded successfully | Name: event_logs | Rows: 2000 | Columns: 50
2026-07-12 01:55:06,942 | INFO | finmark_pipeline.ingestion | Loading dataset | Name: marketing_summary | Path: C:\Users\SCHOOL\Desktop\FinMark_DataPipeline\data\raw\marketing_summary.csv
2026-07-12 01:55:06,945 | INFO | finmark_pipeline.ingestion | Dataset loaded successfully | Name: marketing_summary | Rows: 100 | Columns: 50
2026-07-12 01:55:06,946 | INFO | finmark_pipeline.ingestion | Loading dataset | Name: trend_report | Path: C:\Users\SCHOOL\Desktop\FinMark_DataPipeline\data\raw\trend_report.csv
2026-07-12 01:55:06,948 | INFO | finmark_pipeline.ingestion | Dataset loaded successfully | Name: trend_report | Rows: 20 | Columns: 50
2026-07-12 01:55:06,949 | INFO | finmark_pipeline.ingestion | Stage finished: Data Ingestion | Status: SUCCESS | Datasets: 3 | Total Rows: 2120
2026-07-12 01:55:40,445 | INFO | finmark_pipeline.ingestion | Stage started: Data Ingestion
2026-07-12 01:55:40,446 | INFO | finmark_pipeline.ingestion | Loading dataset | Name: event_logs | Path: C:\Users\SCHOOL\Desktop\FinMark_DataPipeline\data\raw\event_logs.csv
2026-07-12 01:55:40,459 | INFO | finmark_pipeline.ingestion | Dataset loaded successfully | Name: event_logs | Rows: 2000 | Columns: 50
2026-07-12 01:55:40,459 | INFO | finmark_pipeline.ingestion | Loading dataset | Name: marketing_summary | Path: C:\Users\SCHOOL\Desktop\FinMark_DataPipeline\data\raw\marketing_summary.csv
2026-07-12 01:55:40,463 | INFO | finmark_pipeline.ingestion | Dataset loaded successfully | Name: marketing_summary | Rows: 100 | Columns: 50
2026-07-12 01:55:40,463 | INFO | finmark_pipeline.ingestion | Loading dataset | Name: trend_report | Path: C:\Users\SCHOOL\Desktop\FinMark_DataPipeline\data\raw\trend_report.csv
2026-07-12 01:55:40,466 | INFO | finmark_pipeline.ingestion | Dataset loaded successfully | Name: trend_report | Rows: 20 | Columns: 50
2026-07-12 01:55:40,466 | INFO | finmark_pipeline.ingestion | Stage finished: Data Ingestion | Status: SUCCESS | Datasets: 3 | Total Rows: 2120
2026-07-12 01:55:40,999 | INFO | finmark_pipeline.ingestion | Stage started: Data Ingestion
2026-07-12 01:55:41,000 | INFO | finmark_pipeline.ingestion | Loading dataset | Name: event_logs | Path: C:\Users\SCHOOL\Desktop\FinMark_DataPipeline\data\raw\event_logs.csv
2026-07-12 01:55:41,013 | INFO | finmark_pipeline.ingestion | Dataset loaded successfully | Name: event_logs | Rows: 2000 | Columns: 50
2026-07-12 01:55:41,014 | INFO | finmark_pipeline.ingestion | Loading dataset | Name: marketing_summary | Path: C:\Users\SCHOOL\Desktop\FinMark_DataPipeline\data\raw\marketing_summary.csv
2026-07-12 01:55:41,017 | INFO | finmark_pipeline.ingestion | Dataset loaded successfully | Name: marketing_summary | Rows: 100 | Columns: 50
2026-07-12 01:55:41,017 | INFO | finmark_pipeline.ingestion | Loading dataset | Name: trend_report | Path: C:\Users\SCHOOL\Desktop\FinMark_DataPipeline\data\raw\trend_report.csv
2026-07-12 01:55:41,020 | INFO | finmark_pipeline.ingestion | Dataset loaded successfully | Name: trend_report | Rows: 20 | Columns: 50
2026-07-12 01:55:41,020 | INFO | finmark_pipeline.ingestion | Stage finished: Data Ingestion | Status: SUCCESS | Datasets: 3 | Total Rows: 2120
2026-07-12 01:55:41,596 | INFO | finmark_pipeline.ingestion | Stage started: Data Ingestion
2026-07-12 01:55:41,596 | INFO | finmark_pipeline.ingestion | Loading dataset | Name: event_logs | Path: C:\Users\SCHOOL\Desktop\FinMark_DataPipeline\data\raw\event_logs.csv
2026-07-12 01:55:41,609 | INFO | finmark_pipeline.ingestion | Dataset loaded successfully | Name: event_logs | Rows: 2000 | Columns: 50
2026-07-12 01:55:41,610 | INFO | finmark_pipeline.ingestion | Loading dataset | Name: marketing_summary | Path: C:\Users\SCHOOL\Desktop\FinMark_DataPipeline\data\raw\marketing_summary.csv
2026-07-12 01:55:41,613 | INFO | finmark_pipeline.ingestion | Dataset loaded successfully | Name: marketing_summary | Rows: 100 | Columns: 50
2026-07-12 01:55:41,613 | INFO | finmark_pipeline.ingestion | Loading dataset | Name: trend_report | Path: C:\Users\SCHOOL\Desktop\FinMark_DataPipeline\data\raw\trend_report.csv
2026-07-12 01:55:41,616 | INFO | finmark_pipeline.ingestion | Dataset loaded successfully | Name: trend_report | Rows: 20 | Columns: 50
2026-07-12 01:55:41,616 | INFO | finmark_pipeline.ingestion | Stage finished: Data Ingestion | Status: SUCCESS | Datasets: 3 | Total Rows: 2120
2026-07-12 01:55:42,289 | INFO | finmark_pipeline.ingestion | Stage started: Data Ingestion
2026-07-12 01:55:42,289 | INFO | finmark_pipeline.ingestion | Loading dataset | Name: event_logs | Path: C:\Users\SCHOOL\Desktop\FinMark_DataPipeline\data\raw\event_logs.csv
2026-07-12 01:55:42,302 | INFO | finmark_pipeline.ingestion | Dataset loaded successfully | Name: event_logs | Rows: 2000 | Columns: 50
2026-07-12 01:55:42,303 | INFO | finmark_pipeline.ingestion | Loading dataset | Name: marketing_summary | Path: C:\Users\SCHOOL\Desktop\FinMark_DataPipeline\data\raw\marketing_summary.csv
2026-07-12 01:55:42,306 | INFO | finmark_pipeline.ingestion | Dataset loaded successfully | Name: marketing_summary | Rows: 100 | Columns: 50
2026-07-12 01:55:42,306 | INFO | finmark_pipeline.ingestion | Loading dataset | Name: trend_report | Path: C:\Users\SCHOOL\Desktop\FinMark_DataPipeline\data\raw\trend_report.csv
2026-07-12 01:55:42,309 | INFO | finmark_pipeline.ingestion | Dataset loaded successfully | Name: trend_report | Rows: 20 | Columns: 50
2026-07-12 01:55:42,310 | INFO | finmark_pipeline.ingestion | Stage finished: Data Ingestion | Status: SUCCESS | Datasets: 3 | Total Rows: 2120
2026-07-12 02:05:36,037 | INFO | finmark_pipeline.ingestion | Stage started: Data Ingestion
2026-07-12 02:05:36,037 | INFO | finmark_pipeline.ingestion | Loading dataset | Name: event_logs | Path: C:\Users\SCHOOL\Desktop\FinMark_DataPipeline\data\raw\event_logs.csv
2026-07-12 02:05:36,051 | INFO | finmark_pipeline.ingestion | Dataset loaded successfully | Name: event_logs | Rows: 2000 | Columns: 50
2026-07-12 02:05:36,052 | INFO | finmark_pipeline.ingestion | Loading dataset | Name: marketing_summary | Path: C:\Users\SCHOOL\Desktop\FinMark_DataPipeline\data\raw\marketing_summary.csv
2026-07-12 02:05:36,055 | INFO | finmark_pipeline.ingestion | Dataset loaded successfully | Name: marketing_summary | Rows: 100 | Columns: 50
2026-07-12 02:05:36,056 | INFO | finmark_pipeline.ingestion | Loading dataset | Name: trend_report | Path: C:\Users\SCHOOL\Desktop\FinMark_DataPipeline\data\raw\trend_report.csv
2026-07-12 02:05:36,058 | INFO | finmark_pipeline.ingestion | Dataset loaded successfully | Name: trend_report | Rows: 20 | Columns: 50
2026-07-12 02:05:36,059 | INFO | finmark_pipeline.ingestion | Stage finished: Data Ingestion | Status: SUCCESS | Datasets: 3 | Total Rows: 2120
2026-07-12 02:05:36,597 | INFO | finmark_pipeline.ingestion | Stage started: Data Ingestion
2026-07-12 02:05:36,598 | INFO | finmark_pipeline.ingestion | Loading dataset | Name: event_logs | Path: C:\Users\SCHOOL\Desktop\FinMark_DataPipeline\data\raw\event_logs.csv
2026-07-12 02:05:36,612 | INFO | finmark_pipeline.ingestion | Dataset loaded successfully | Name: event_logs | Rows: 2000 | Columns: 50
2026-07-12 02:05:36,612 | INFO | finmark_pipeline.ingestion | Loading dataset | Name: marketing_summary | Path: C:\Users\SCHOOL\Desktop\FinMark_DataPipeline\data\raw\marketing_summary.csv
2026-07-12 02:05:36,616 | INFO | finmark_pipeline.ingestion | Dataset loaded successfully | Name: marketing_summary | Rows: 100 | Columns: 50
2026-07-12 02:05:36,616 | INFO | finmark_pipeline.ingestion | Loading dataset | Name: trend_report | Path: C:\Users\SCHOOL\Desktop\FinMark_DataPipeline\data\raw\trend_report.csv
2026-07-12 02:05:36,619 | INFO | finmark_pipeline.ingestion | Dataset loaded successfully | Name: trend_report | Rows: 20 | Columns: 50
2026-07-12 02:05:36,620 | INFO | finmark_pipeline.ingestion | Stage finished: Data Ingestion | Status: SUCCESS | Datasets: 3 | Total Rows: 2120
2026-07-12 02:05:37,217 | INFO | finmark_pipeline.ingestion | Stage started: Data Ingestion
2026-07-12 02:05:37,217 | INFO | finmark_pipeline.ingestion | Loading dataset | Name: event_logs | Path: C:\Users\SCHOOL\Desktop\FinMark_DataPipeline\data\raw\event_logs.csv
2026-07-12 02:05:37,230 | INFO | finmark_pipeline.ingestion | Dataset loaded successfully | Name: event_logs | Rows: 2000 | Columns: 50
2026-07-12 02:05:37,231 | INFO | finmark_pipeline.ingestion | Loading dataset | Name: marketing_summary | Path: C:\Users\SCHOOL\Desktop\FinMark_DataPipeline\data\raw\marketing_summary.csv
2026-07-12 02:05:37,234 | INFO | finmark_pipeline.ingestion | Dataset loaded successfully | Name: marketing_summary | Rows: 100 | Columns: 50
2026-07-12 02:05:37,234 | INFO | finmark_pipeline.ingestion | Loading dataset | Name: trend_report | Path: C:\Users\SCHOOL\Desktop\FinMark_DataPipeline\data\raw\trend_report.csv
2026-07-12 02:05:37,237 | INFO | finmark_pipeline.ingestion | Dataset loaded successfully | Name: trend_report | Rows: 20 | Columns: 50
2026-07-12 02:05:37,237 | INFO | finmark_pipeline.ingestion | Stage finished: Data Ingestion | Status: SUCCESS | Datasets: 3 | Total Rows: 2120
2026-07-12 02:05:37,941 | INFO | finmark_pipeline.ingestion | Stage started: Data Ingestion
2026-07-12 02:05:37,941 | INFO | finmark_pipeline.ingestion | Loading dataset | Name: event_logs | Path: C:\Users\SCHOOL\Desktop\FinMark_DataPipeline\data\raw\event_logs.csv
2026-07-12 02:05:37,954 | INFO | finmark_pipeline.ingestion | Dataset loaded successfully | Name: event_logs | Rows: 2000 | Columns: 50
2026-07-12 02:05:37,954 | INFO | finmark_pipeline.ingestion | Loading dataset | Name: marketing_summary | Path: C:\Users\SCHOOL\Desktop\FinMark_DataPipeline\data\raw\marketing_summary.csv
2026-07-12 02:05:37,958 | INFO | finmark_pipeline.ingestion | Dataset loaded successfully | Name: marketing_summary | Rows: 100 | Columns: 50
2026-07-12 02:05:37,958 | INFO | finmark_pipeline.ingestion | Loading dataset | Name: trend_report | Path: C:\Users\SCHOOL\Desktop\FinMark_DataPipeline\data\raw\trend_report.csv
2026-07-12 02:05:37,961 | INFO | finmark_pipeline.ingestion | Dataset loaded successfully | Name: trend_report | Rows: 20 | Columns: 50
2026-07-12 02:05:37,961 | INFO | finmark_pipeline.ingestion | Stage finished: Data Ingestion | Status: SUCCESS | Datasets: 3 | Total Rows: 2120
2026-07-12 02:10:09,677 | INFO | finmark_pipeline.ingestion | Stage started: Data Ingestion
2026-07-12 02:10:09,678 | INFO | finmark_pipeline.ingestion | Loading dataset | Name: event_logs | Path: C:\Users\SCHOOL\Desktop\FinMark_DataPipeline\data\raw\event_logs.csv
2026-07-12 02:10:09,692 | INFO | finmark_pipeline.ingestion | Dataset loaded successfully | Name: event_logs | Rows: 2000 | Columns: 50
2026-07-12 02:10:09,692 | INFO | finmark_pipeline.ingestion | Loading dataset | Name: marketing_summary | Path: C:\Users\SCHOOL\Desktop\FinMark_DataPipeline\data\raw\marketing_summary.csv
2026-07-12 02:10:09,695 | INFO | finmark_pipeline.ingestion | Dataset loaded successfully | Name: marketing_summary | Rows: 100 | Columns: 50
2026-07-12 02:10:09,696 | INFO | finmark_pipeline.ingestion | Loading dataset | Name: trend_report | Path: C:\Users\SCHOOL\Desktop\FinMark_DataPipeline\data\raw\trend_report.csv
2026-07-12 02:10:09,699 | INFO | finmark_pipeline.ingestion | Dataset loaded successfully | Name: trend_report | Rows: 20 | Columns: 50
2026-07-12 02:10:09,700 | INFO | finmark_pipeline.ingestion | Stage finished: Data Ingestion | Status: SUCCESS | Datasets: 3 | Total Rows: 2120
2026-07-12 02:10:26,331 | INFO | finmark_pipeline.ingestion | Stage started: Data Ingestion
2026-07-12 02:10:26,332 | INFO | finmark_pipeline.ingestion | Loading dataset | Name: event_logs | Path: C:\Users\SCHOOL\Desktop\FinMark_DataPipeline\data\raw\event_logs.csv
2026-07-12 02:10:26,345 | INFO | finmark_pipeline.ingestion | Dataset loaded successfully | Name: event_logs | Rows: 2000 | Columns: 50
2026-07-12 02:10:26,346 | INFO | finmark_pipeline.ingestion | Loading dataset | Name: marketing_summary | Path: C:\Users\SCHOOL\Desktop\FinMark_DataPipeline\data\raw\marketing_summary.csv
2026-07-12 02:10:26,349 | INFO | finmark_pipeline.ingestion | Dataset loaded successfully | Name: marketing_summary | Rows: 100 | Columns: 50
2026-07-12 02:10:26,350 | INFO | finmark_pipeline.ingestion | Loading dataset | Name: trend_report | Path: C:\Users\SCHOOL\Desktop\FinMark_DataPipeline\data\raw\trend_report.csv
2026-07-12 02:10:26,352 | INFO | finmark_pipeline.ingestion | Dataset loaded successfully | Name: trend_report | Rows: 20 | Columns: 50
2026-07-12 02:10:26,353 | INFO | finmark_pipeline.ingestion | Stage finished: Data Ingestion | Status: SUCCESS | Datasets: 3 | Total Rows: 2120
2026-07-12 02:11:09,049 | INFO | finmark_pipeline.ingestion | Stage started: Data Ingestion
2026-07-12 02:11:09,049 | INFO | finmark_pipeline.ingestion | Loading dataset | Name: event_logs | Path: C:\Users\SCHOOL\Desktop\FinMark_DataPipeline\data\raw\event_logs.csv
2026-07-12 02:11:09,063 | INFO | finmark_pipeline.ingestion | Dataset loaded successfully | Name: event_logs | Rows: 2000 | Columns: 50
2026-07-12 02:11:09,063 | INFO | finmark_pipeline.ingestion | Loading dataset | Name: marketing_summary | Path: C:\Users\SCHOOL\Desktop\FinMark_DataPipeline\data\raw\marketing_summary.csv
2026-07-12 02:11:09,066 | INFO | finmark_pipeline.ingestion | Dataset loaded successfully | Name: marketing_summary | Rows: 100 | Columns: 50
2026-07-12 02:11:09,067 | INFO | finmark_pipeline.ingestion | Loading dataset | Name: trend_report | Path: C:\Users\SCHOOL\Desktop\FinMark_DataPipeline\data\raw\trend_report.csv
2026-07-12 02:11:09,069 | INFO | finmark_pipeline.ingestion | Dataset loaded successfully | Name: trend_report | Rows: 20 | Columns: 50
2026-07-12 02:11:09,070 | INFO | finmark_pipeline.ingestion | Stage finished: Data Ingestion | Status: SUCCESS | Datasets: 3 | Total Rows: 2120
2026-07-12 02:11:14,406 | INFO | finmark_pipeline.ingestion | Stage started: Data Ingestion
2026-07-12 02:11:14,406 | INFO | finmark_pipeline.ingestion | Loading dataset | Name: event_logs | Path: C:\Users\SCHOOL\Desktop\FinMark_DataPipeline\data\raw\event_logs.csv
2026-07-12 02:11:14,420 | INFO | finmark_pipeline.ingestion | Dataset loaded successfully | Name: event_logs | Rows: 2000 | Columns: 50
2026-07-12 02:11:14,420 | INFO | finmark_pipeline.ingestion | Loading dataset | Name: marketing_summary | Path: C:\Users\SCHOOL\Desktop\FinMark_DataPipeline\data\raw\marketing_summary.csv
2026-07-12 02:11:14,424 | INFO | finmark_pipeline.ingestion | Dataset loaded successfully | Name: marketing_summary | Rows: 100 | Columns: 50
2026-07-12 02:11:14,424 | INFO | finmark_pipeline.ingestion | Loading dataset | Name: trend_report | Path: C:\Users\SCHOOL\Desktop\FinMark_DataPipeline\data\raw\trend_report.csv
2026-07-12 02:11:14,427 | INFO | finmark_pipeline.ingestion | Dataset loaded successfully | Name: trend_report | Rows: 20 | Columns: 50
2026-07-12 02:11:14,428 | INFO | finmark_pipeline.ingestion | Stage finished: Data Ingestion | Status: SUCCESS | Datasets: 3 | Total Rows: 2120
2026-07-12 02:11:53,083 | INFO | finmark_pipeline.ingestion | Stage started: Data Ingestion
2026-07-12 02:11:53,083 | INFO | finmark_pipeline.ingestion | Loading dataset | Name: event_logs | Path: C:\Users\SCHOOL\Desktop\FinMark_DataPipeline\data\raw\event_logs.csv
2026-07-12 02:11:53,098 | INFO | finmark_pipeline.ingestion | Dataset loaded successfully | Name: event_logs | Rows: 2000 | Columns: 50
2026-07-12 02:11:53,098 | INFO | finmark_pipeline.ingestion | Loading dataset | Name: marketing_summary | Path: C:\Users\SCHOOL\Desktop\FinMark_DataPipeline\data\raw\marketing_summary.csv
2026-07-12 02:11:53,102 | INFO | finmark_pipeline.ingestion | Dataset loaded successfully | Name: marketing_summary | Rows: 100 | Columns: 50
2026-07-12 02:11:53,102 | INFO | finmark_pipeline.ingestion | Loading dataset | Name: trend_report | Path: C:\Users\SCHOOL\Desktop\FinMark_DataPipeline\data\raw\trend_report.csv
2026-07-12 02:11:53,105 | INFO | finmark_pipeline.ingestion | Dataset loaded successfully | Name: trend_report | Rows: 20 | Columns: 50
2026-07-12 02:11:53,105 | INFO | finmark_pipeline.ingestion | Stage finished: Data Ingestion | Status: SUCCESS | Datasets: 3 | Total Rows: 2120
2026-07-12 02:11:53,645 | INFO | finmark_pipeline.ingestion | Stage started: Data Ingestion
2026-07-12 02:11:53,645 | INFO | finmark_pipeline.ingestion | Loading dataset | Name: event_logs | Path: C:\Users\SCHOOL\Desktop\FinMark_DataPipeline\data\raw\event_logs.csv
2026-07-12 02:11:53,659 | INFO | finmark_pipeline.ingestion | Dataset loaded successfully | Name: event_logs | Rows: 2000 | Columns: 50
2026-07-12 02:11:53,660 | INFO | finmark_pipeline.ingestion | Loading dataset | Name: marketing_summary | Path: C:\Users\SCHOOL\Desktop\FinMark_DataPipeline\data\raw\marketing_summary.csv
2026-07-12 02:11:53,663 | INFO | finmark_pipeline.ingestion | Dataset loaded successfully | Name: marketing_summary | Rows: 100 | Columns: 50
2026-07-12 02:11:53,664 | INFO | finmark_pipeline.ingestion | Loading dataset | Name: trend_report | Path: C:\Users\SCHOOL\Desktop\FinMark_DataPipeline\data\raw\trend_report.csv
2026-07-12 02:11:53,666 | INFO | finmark_pipeline.ingestion | Dataset loaded successfully | Name: trend_report | Rows: 20 | Columns: 50
2026-07-12 02:11:53,667 | INFO | finmark_pipeline.ingestion | Stage finished: Data Ingestion | Status: SUCCESS | Datasets: 3 | Total Rows: 2120
2026-07-12 02:11:54,264 | INFO | finmark_pipeline.ingestion | Stage started: Data Ingestion
2026-07-12 02:11:54,265 | INFO | finmark_pipeline.ingestion | Loading dataset | Name: event_logs | Path: C:\Users\SCHOOL\Desktop\FinMark_DataPipeline\data\raw\event_logs.csv
2026-07-12 02:11:54,278 | INFO | finmark_pipeline.ingestion | Dataset loaded successfully | Name: event_logs | Rows: 2000 | Columns: 50
2026-07-12 02:11:54,278 | INFO | finmark_pipeline.ingestion | Loading dataset | Name: marketing_summary | Path: C:\Users\SCHOOL\Desktop\FinMark_DataPipeline\data\raw\marketing_summary.csv
2026-07-12 02:11:54,282 | INFO | finmark_pipeline.ingestion | Dataset loaded successfully | Name: marketing_summary | Rows: 100 | Columns: 50
2026-07-12 02:11:54,282 | INFO | finmark_pipeline.ingestion | Loading dataset | Name: trend_report | Path: C:\Users\SCHOOL\Desktop\FinMark_DataPipeline\data\raw\trend_report.csv
2026-07-12 02:11:54,284 | INFO | finmark_pipeline.ingestion | Dataset loaded successfully | Name: trend_report | Rows: 20 | Columns: 50
2026-07-12 02:11:54,285 | INFO | finmark_pipeline.ingestion | Stage finished: Data Ingestion | Status: SUCCESS | Datasets: 3 | Total Rows: 2120
2026-07-12 02:11:54,989 | INFO | finmark_pipeline.ingestion | Stage started: Data Ingestion
2026-07-12 02:11:54,989 | INFO | finmark_pipeline.ingestion | Loading dataset | Name: event_logs | Path: C:\Users\SCHOOL\Desktop\FinMark_DataPipeline\data\raw\event_logs.csv
2026-07-12 02:11:55,003 | INFO | finmark_pipeline.ingestion | Dataset loaded successfully | Name: event_logs | Rows: 2000 | Columns: 50
2026-07-12 02:11:55,003 | INFO | finmark_pipeline.ingestion | Loading dataset | Name: marketing_summary | Path: C:\Users\SCHOOL\Desktop\FinMark_DataPipeline\data\raw\marketing_summary.csv
2026-07-12 02:11:55,006 | INFO | finmark_pipeline.ingestion | Dataset loaded successfully | Name: marketing_summary | Rows: 100 | Columns: 50
2026-07-12 02:11:55,007 | INFO | finmark_pipeline.ingestion | Loading dataset | Name: trend_report | Path: C:\Users\SCHOOL\Desktop\FinMark_DataPipeline\data\raw\trend_report.csv
2026-07-12 02:11:55,010 | INFO | finmark_pipeline.ingestion | Dataset loaded successfully | Name: trend_report | Rows: 20 | Columns: 50
2026-07-12 02:11:55,011 | INFO | finmark_pipeline.ingestion | Stage finished: Data Ingestion | Status: SUCCESS | Datasets: 3 | Total Rows: 2120
2026-07-12 02:18:02,425 | INFO | finmark_pipeline.ingestion | Stage started: Data Ingestion
2026-07-12 02:18:02,426 | INFO | finmark_pipeline.ingestion | Loading dataset | Name: event_logs | Path: C:\Users\SCHOOL\Desktop\FinMark_DataPipeline\data\raw\event_logs.csv
2026-07-12 02:18:02,443 | INFO | finmark_pipeline.ingestion | Dataset loaded successfully | Name: event_logs | Rows: 2000 | Columns: 50
2026-07-12 02:18:02,444 | INFO | finmark_pipeline.ingestion | Loading dataset | Name: marketing_summary | Path: C:\Users\SCHOOL\Desktop\FinMark_DataPipeline\data\raw\marketing_summary.csv
2026-07-12 02:18:02,449 | INFO | finmark_pipeline.ingestion | Dataset loaded successfully | Name: marketing_summary | Rows: 100 | Columns: 50
2026-07-12 02:18:02,451 | INFO | finmark_pipeline.ingestion | Loading dataset | Name: trend_report | Path: C:\Users\SCHOOL\Desktop\FinMark_DataPipeline\data\raw\trend_report.csv
2026-07-12 02:18:02,454 | INFO | finmark_pipeline.ingestion | Dataset loaded successfully | Name: trend_report | Rows: 20 | Columns: 50
2026-07-12 02:18:02,456 | INFO | finmark_pipeline.ingestion | Stage finished: Data Ingestion | Status: SUCCESS | Datasets: 3 | Total Rows: 2120
2026-07-12 02:25:06,717 | INFO | finmark_pipeline.ingestion | Stage started: Data Ingestion
2026-07-12 02:25:06,719 | INFO | finmark_pipeline.ingestion | Loading dataset | Name: event_logs | Path: C:\Users\SCHOOL\Desktop\FinMark_DataPipeline\data\raw\event_logs.csv
2026-07-12 02:25:06,731 | INFO | finmark_pipeline.ingestion | Dataset loaded successfully | Name: event_logs | Rows: 2000 | Columns: 50
2026-07-12 02:25:06,732 | INFO | finmark_pipeline.ingestion | Loading dataset | Name: marketing_summary | Path: C:\Users\SCHOOL\Desktop\FinMark_DataPipeline\data\raw\marketing_summary.csv
2026-07-12 02:25:06,736 | INFO | finmark_pipeline.ingestion | Dataset loaded successfully | Name: marketing_summary | Rows: 100 | Columns: 50
2026-07-12 02:25:06,738 | INFO | finmark_pipeline.ingestion | Loading dataset | Name: trend_report | Path: C:\Users\SCHOOL\Desktop\FinMark_DataPipeline\data\raw\trend_report.csv
2026-07-12 02:25:06,742 | INFO | finmark_pipeline.ingestion | Dataset loaded successfully | Name: trend_report | Rows: 20 | Columns: 50
2026-07-12 02:25:06,743 | INFO | finmark_pipeline.ingestion | Stage finished: Data Ingestion | Status: SUCCESS | Datasets: 3 | Total Rows: 2120
2026-07-12 02:33:38,267 | INFO | finmark_pipeline.ingestion | Stage started: Data Ingestion
2026-07-12 02:33:38,269 | INFO | finmark_pipeline.ingestion | Loading dataset | Name: event_logs | Path: C:\Users\SCHOOL\Desktop\FinMark_DataPipeline\data\raw\event_logs.csv
2026-07-12 02:33:38,284 | INFO | finmark_pipeline.ingestion | Dataset loaded successfully | Name: event_logs | Rows: 2000 | Columns: 50
2026-07-12 02:33:38,285 | INFO | finmark_pipeline.ingestion | Loading dataset | Name: marketing_summary | Path: C:\Users\SCHOOL\Desktop\FinMark_DataPipeline\data\raw\marketing_summary.csv
2026-07-12 02:33:38,289 | INFO | finmark_pipeline.ingestion | Dataset loaded successfully | Name: marketing_summary | Rows: 100 | Columns: 50
2026-07-12 02:33:38,291 | INFO | finmark_pipeline.ingestion | Loading dataset | Name: trend_report | Path: C:\Users\SCHOOL\Desktop\FinMark_DataPipeline\data\raw\trend_report.csv
2026-07-12 02:33:38,295 | INFO | finmark_pipeline.ingestion | Dataset loaded successfully | Name: trend_report | Rows: 20 | Columns: 50
2026-07-12 02:33:38,296 | INFO | finmark_pipeline.ingestion | Stage finished: Data Ingestion | Status: SUCCESS | Datasets: 3 | Total Rows: 2120
2026-07-12 02:36:32,239 | INFO | finmark_pipeline.ingestion | Stage started: Data Ingestion
2026-07-12 02:36:32,241 | INFO | finmark_pipeline.ingestion | Loading dataset | Name: event_logs | Path: C:\Users\SCHOOL\Desktop\FinMark_DataPipeline\data\raw\event_logs.csv
2026-07-12 02:36:32,255 | INFO | finmark_pipeline.ingestion | Dataset loaded successfully | Name: event_logs | Rows: 2000 | Columns: 50
2026-07-12 02:36:32,257 | INFO | finmark_pipeline.ingestion | Loading dataset | Name: marketing_summary | Path: C:\Users\SCHOOL\Desktop\FinMark_DataPipeline\data\raw\marketing_summary.csv
2026-07-12 02:36:32,261 | INFO | finmark_pipeline.ingestion | Dataset loaded successfully | Name: marketing_summary | Rows: 100 | Columns: 50
2026-07-12 02:36:32,263 | INFO | finmark_pipeline.ingestion | Loading dataset | Name: trend_report | Path: C:\Users\SCHOOL\Desktop\FinMark_DataPipeline\data\raw\trend_report.csv
2026-07-12 02:36:32,266 | INFO | finmark_pipeline.ingestion | Dataset loaded successfully | Name: trend_report | Rows: 20 | Columns: 50
2026-07-12 02:36:32,268 | INFO | finmark_pipeline.ingestion | Stage finished: Data Ingestion | Status: SUCCESS | Datasets: 3 | Total Rows: 2120
2026-07-12 02:39:59,082 | INFO | finmark_pipeline.ingestion | Stage started: Data Ingestion
2026-07-12 02:39:59,083 | INFO | finmark_pipeline.ingestion | Loading dataset | Name: event_logs | Path: C:\Users\SCHOOL\Desktop\FinMark_DataPipeline\data\raw\event_logs.csv
2026-07-12 02:39:59,095 | INFO | finmark_pipeline.ingestion | Dataset loaded successfully | Name: event_logs | Rows: 2000 | Columns: 50
2026-07-12 02:39:59,096 | INFO | finmark_pipeline.ingestion | Loading dataset | Name: marketing_summary | Path: C:\Users\SCHOOL\Desktop\FinMark_DataPipeline\data\raw\marketing_summary.csv
2026-07-12 02:39:59,100 | INFO | finmark_pipeline.ingestion | Dataset loaded successfully | Name: marketing_summary | Rows: 100 | Columns: 50
2026-07-12 02:39:59,101 | INFO | finmark_pipeline.ingestion | Loading dataset | Name: trend_report | Path: C:\Users\SCHOOL\Desktop\FinMark_DataPipeline\data\raw\trend_report.csv
2026-07-12 02:39:59,105 | INFO | finmark_pipeline.ingestion | Dataset loaded successfully | Name: trend_report | Rows: 20 | Columns: 50
2026-07-12 02:39:59,106 | INFO | finmark_pipeline.ingestion | Stage finished: Data Ingestion | Status: SUCCESS | Datasets: 3 | Total Rows: 2120
2026-07-12 02:51:37,559 | INFO | finmark_pipeline.ingestion | Stage started: Data Ingestion
2026-07-12 02:51:37,559 | INFO | finmark_pipeline.ingestion | Loading dataset | Name: event_logs | Path: C:\Users\SCHOOL\Desktop\FinMark_DataPipeline\data\raw\event_logs.csv
2026-07-12 02:51:37,574 | INFO | finmark_pipeline.ingestion | Dataset loaded successfully | Name: event_logs | Rows: 2000 | Columns: 50
2026-07-12 02:51:37,574 | INFO | finmark_pipeline.ingestion | Loading dataset | Name: marketing_summary | Path: C:\Users\SCHOOL\Desktop\FinMark_DataPipeline\data\raw\marketing_summary.csv
2026-07-12 02:51:37,578 | INFO | finmark_pipeline.ingestion | Dataset loaded successfully | Name: marketing_summary | Rows: 100 | Columns: 50
2026-07-12 02:51:37,578 | INFO | finmark_pipeline.ingestion | Loading dataset | Name: trend_report | Path: C:\Users\SCHOOL\Desktop\FinMark_DataPipeline\data\raw\trend_report.csv
2026-07-12 02:51:37,581 | INFO | finmark_pipeline.ingestion | Dataset loaded successfully | Name: trend_report | Rows: 20 | Columns: 50
2026-07-12 02:51:37,581 | INFO | finmark_pipeline.ingestion | Stage finished: Data Ingestion | Status: SUCCESS | Datasets: 3 | Total Rows: 2120
2026-07-12 02:51:38,135 | INFO | finmark_pipeline.ingestion | Stage started: Data Ingestion
2026-07-12 02:51:38,135 | INFO | finmark_pipeline.ingestion | Loading dataset | Name: event_logs | Path: C:\Users\SCHOOL\Desktop\FinMark_DataPipeline\data\raw\event_logs.csv
2026-07-12 02:51:38,149 | INFO | finmark_pipeline.ingestion | Dataset loaded successfully | Name: event_logs | Rows: 2000 | Columns: 50
2026-07-12 02:51:38,149 | INFO | finmark_pipeline.ingestion | Loading dataset | Name: marketing_summary | Path: C:\Users\SCHOOL\Desktop\FinMark_DataPipeline\data\raw\marketing_summary.csv
2026-07-12 02:51:38,152 | INFO | finmark_pipeline.ingestion | Dataset loaded successfully | Name: marketing_summary | Rows: 100 | Columns: 50
2026-07-12 02:51:38,153 | INFO | finmark_pipeline.ingestion | Loading dataset | Name: trend_report | Path: C:\Users\SCHOOL\Desktop\FinMark_DataPipeline\data\raw\trend_report.csv
2026-07-12 02:51:38,155 | INFO | finmark_pipeline.ingestion | Dataset loaded successfully | Name: trend_report | Rows: 20 | Columns: 50
2026-07-12 02:51:38,156 | INFO | finmark_pipeline.ingestion | Stage finished: Data Ingestion | Status: SUCCESS | Datasets: 3 | Total Rows: 2120
2026-07-12 02:51:38,757 | INFO | finmark_pipeline.ingestion | Stage started: Data Ingestion
2026-07-12 02:51:38,757 | INFO | finmark_pipeline.ingestion | Loading dataset | Name: event_logs | Path: C:\Users\SCHOOL\Desktop\FinMark_DataPipeline\data\raw\event_logs.csv
2026-07-12 02:51:38,771 | INFO | finmark_pipeline.ingestion | Dataset loaded successfully | Name: event_logs | Rows: 2000 | Columns: 50
2026-07-12 02:51:38,771 | INFO | finmark_pipeline.ingestion | Loading dataset | Name: marketing_summary | Path: C:\Users\SCHOOL\Desktop\FinMark_DataPipeline\data\raw\marketing_summary.csv
2026-07-12 02:51:38,774 | INFO | finmark_pipeline.ingestion | Dataset loaded successfully | Name: marketing_summary | Rows: 100 | Columns: 50
2026-07-12 02:51:38,775 | INFO | finmark_pipeline.ingestion | Loading dataset | Name: trend_report | Path: C:\Users\SCHOOL\Desktop\FinMark_DataPipeline\data\raw\trend_report.csv
2026-07-12 02:51:38,777 | INFO | finmark_pipeline.ingestion | Dataset loaded successfully | Name: trend_report | Rows: 20 | Columns: 50
2026-07-12 02:51:38,778 | INFO | finmark_pipeline.ingestion | Stage finished: Data Ingestion | Status: SUCCESS | Datasets: 3 | Total Rows: 2120
2026-07-12 02:51:39,488 | INFO | finmark_pipeline.ingestion | Stage started: Data Ingestion
2026-07-12 02:51:39,488 | INFO | finmark_pipeline.ingestion | Loading dataset | Name: event_logs | Path: C:\Users\SCHOOL\Desktop\FinMark_DataPipeline\data\raw\event_logs.csv
2026-07-12 02:51:39,502 | INFO | finmark_pipeline.ingestion | Dataset loaded successfully | Name: event_logs | Rows: 2000 | Columns: 50
2026-07-12 02:51:39,502 | INFO | finmark_pipeline.ingestion | Loading dataset | Name: marketing_summary | Path: C:\Users\SCHOOL\Desktop\FinMark_DataPipeline\data\raw\marketing_summary.csv
2026-07-12 02:51:39,505 | INFO | finmark_pipeline.ingestion | Dataset loaded successfully | Name: marketing_summary | Rows: 100 | Columns: 50
2026-07-12 02:51:39,506 | INFO | finmark_pipeline.ingestion | Loading dataset | Name: trend_report | Path: C:\Users\SCHOOL\Desktop\FinMark_DataPipeline\data\raw\trend_report.csv
2026-07-12 02:51:39,508 | INFO | finmark_pipeline.ingestion | Dataset loaded successfully | Name: trend_report | Rows: 20 | Columns: 50
2026-07-12 02:51:39,509 | INFO | finmark_pipeline.ingestion | Stage finished: Data Ingestion | Status: SUCCESS | Datasets: 3 | Total Rows: 2120
2026-07-12 02:55:35,462 | INFO | finmark_pipeline.ingestion | Stage started: Data Ingestion
2026-07-12 02:55:35,462 | INFO | finmark_pipeline.ingestion | Loading dataset | Name: event_logs | Path: C:\Users\SCHOOL\Desktop\FinMark_DataPipeline\data\raw\event_logs.csv
2026-07-12 02:55:35,477 | INFO | finmark_pipeline.ingestion | Dataset loaded successfully | Name: event_logs | Rows: 2000 | Columns: 50
2026-07-12 02:55:35,477 | INFO | finmark_pipeline.ingestion | Loading dataset | Name: marketing_summary | Path: C:\Users\SCHOOL\Desktop\FinMark_DataPipeline\data\raw\marketing_summary.csv
2026-07-12 02:55:35,480 | INFO | finmark_pipeline.ingestion | Dataset loaded successfully | Name: marketing_summary | Rows: 100 | Columns: 50
2026-07-12 02:55:35,481 | INFO | finmark_pipeline.ingestion | Loading dataset | Name: trend_report | Path: C:\Users\SCHOOL\Desktop\FinMark_DataPipeline\data\raw\trend_report.csv
2026-07-12 02:55:35,483 | INFO | finmark_pipeline.ingestion | Dataset loaded successfully | Name: trend_report | Rows: 20 | Columns: 50
2026-07-12 02:55:35,484 | INFO | finmark_pipeline.ingestion | Stage finished: Data Ingestion | Status: SUCCESS | Datasets: 3 | Total Rows: 2120
2026-07-12 02:55:36,036 | INFO | finmark_pipeline.ingestion | Stage started: Data Ingestion
2026-07-12 02:55:36,036 | INFO | finmark_pipeline.ingestion | Loading dataset | Name: event_logs | Path: C:\Users\SCHOOL\Desktop\FinMark_DataPipeline\data\raw\event_logs.csv
2026-07-12 02:55:36,050 | INFO | finmark_pipeline.ingestion | Dataset loaded successfully | Name: event_logs | Rows: 2000 | Columns: 50
2026-07-12 02:55:36,050 | INFO | finmark_pipeline.ingestion | Loading dataset | Name: marketing_summary | Path: C:\Users\SCHOOL\Desktop\FinMark_DataPipeline\data\raw\marketing_summary.csv
2026-07-12 02:55:36,054 | INFO | finmark_pipeline.ingestion | Dataset loaded successfully | Name: marketing_summary | Rows: 100 | Columns: 50
2026-07-12 02:55:36,054 | INFO | finmark_pipeline.ingestion | Loading dataset | Name: trend_report | Path: C:\Users\SCHOOL\Desktop\FinMark_DataPipeline\data\raw\trend_report.csv
2026-07-12 02:55:36,057 | INFO | finmark_pipeline.ingestion | Dataset loaded successfully | Name: trend_report | Rows: 20 | Columns: 50
2026-07-12 02:55:36,057 | INFO | finmark_pipeline.ingestion | Stage finished: Data Ingestion | Status: SUCCESS | Datasets: 3 | Total Rows: 2120
2026-07-12 02:55:36,691 | INFO | finmark_pipeline.ingestion | Stage started: Data Ingestion
2026-07-12 02:55:36,692 | INFO | finmark_pipeline.ingestion | Loading dataset | Name: event_logs | Path: C:\Users\SCHOOL\Desktop\FinMark_DataPipeline\data\raw\event_logs.csv
2026-07-12 02:55:36,705 | INFO | finmark_pipeline.ingestion | Dataset loaded successfully | Name: event_logs | Rows: 2000 | Columns: 50
2026-07-12 02:55:36,705 | INFO | finmark_pipeline.ingestion | Loading dataset | Name: marketing_summary | Path: C:\Users\SCHOOL\Desktop\FinMark_DataPipeline\data\raw\marketing_summary.csv
2026-07-12 02:55:36,709 | INFO | finmark_pipeline.ingestion | Dataset loaded successfully | Name: marketing_summary | Rows: 100 | Columns: 50
2026-07-12 02:55:36,709 | INFO | finmark_pipeline.ingestion | Loading dataset | Name: trend_report | Path: C:\Users\SCHOOL\Desktop\FinMark_DataPipeline\data\raw\trend_report.csv
2026-07-12 02:55:36,712 | INFO | finmark_pipeline.ingestion | Dataset loaded successfully | Name: trend_report | Rows: 20 | Columns: 50
2026-07-12 02:55:36,712 | INFO | finmark_pipeline.ingestion | Stage finished: Data Ingestion | Status: SUCCESS | Datasets: 3 | Total Rows: 2120
2026-07-12 02:55:37,447 | INFO | finmark_pipeline.ingestion | Stage started: Data Ingestion
2026-07-12 02:55:37,448 | INFO | finmark_pipeline.ingestion | Loading dataset | Name: event_logs | Path: C:\Users\SCHOOL\Desktop\FinMark_DataPipeline\data\raw\event_logs.csv
2026-07-12 02:55:37,461 | INFO | finmark_pipeline.ingestion | Dataset loaded successfully | Name: event_logs | Rows: 2000 | Columns: 50
2026-07-12 02:55:37,462 | INFO | finmark_pipeline.ingestion | Loading dataset | Name: marketing_summary | Path: C:\Users\SCHOOL\Desktop\FinMark_DataPipeline\data\raw\marketing_summary.csv
2026-07-12 02:55:37,465 | INFO | finmark_pipeline.ingestion | Dataset loaded successfully | Name: marketing_summary | Rows: 100 | Columns: 50
2026-07-12 02:55:37,466 | INFO | finmark_pipeline.ingestion | Loading dataset | Name: trend_report | Path: C:\Users\SCHOOL\Desktop\FinMark_DataPipeline\data\raw\trend_report.csv
2026-07-12 02:55:37,469 | INFO | finmark_pipeline.ingestion | Dataset loaded successfully | Name: trend_report | Rows: 20 | Columns: 50
2026-07-12 02:55:37,469 | INFO | finmark_pipeline.ingestion | Stage finished: Data Ingestion | Status: SUCCESS | Datasets: 3 | Total Rows: 2120
2026-07-12 02:59:47,319 | INFO | finmark_pipeline.ingestion | Stage started: Data Ingestion
2026-07-12 02:59:47,320 | INFO | finmark_pipeline.ingestion | Loading dataset | Name: event_logs | Path: C:\Users\SCHOOL\Desktop\FinMark_DataPipeline\data\raw\event_logs.csv
2026-07-12 02:59:47,333 | INFO | finmark_pipeline.ingestion | Dataset loaded successfully | Name: event_logs | Rows: 2000 | Columns: 50
2026-07-12 02:59:47,333 | INFO | finmark_pipeline.ingestion | Loading dataset | Name: marketing_summary | Path: C:\Users\SCHOOL\Desktop\FinMark_DataPipeline\data\raw\marketing_summary.csv
2026-07-12 02:59:47,337 | INFO | finmark_pipeline.ingestion | Dataset loaded successfully | Name: marketing_summary | Rows: 100 | Columns: 50
2026-07-12 02:59:47,337 | INFO | finmark_pipeline.ingestion | Loading dataset | Name: trend_report | Path: C:\Users\SCHOOL\Desktop\FinMark_DataPipeline\data\raw\trend_report.csv
2026-07-12 02:59:47,340 | INFO | finmark_pipeline.ingestion | Dataset loaded successfully | Name: trend_report | Rows: 20 | Columns: 50
2026-07-12 02:59:47,340 | INFO | finmark_pipeline.ingestion | Stage finished: Data Ingestion | Status: SUCCESS | Datasets: 3 | Total Rows: 2120
2026-07-12 02:59:47,857 | INFO | finmark_pipeline.ingestion | Stage started: Data Ingestion
2026-07-12 02:59:47,858 | INFO | finmark_pipeline.ingestion | Loading dataset | Name: event_logs | Path: C:\Users\SCHOOL\Desktop\FinMark_DataPipeline\data\raw\event_logs.csv
2026-07-12 02:59:47,871 | INFO | finmark_pipeline.ingestion | Dataset loaded successfully | Name: event_logs | Rows: 2000 | Columns: 50
2026-07-12 02:59:47,872 | INFO | finmark_pipeline.ingestion | Loading dataset | Name: marketing_summary | Path: C:\Users\SCHOOL\Desktop\FinMark_DataPipeline\data\raw\marketing_summary.csv
2026-07-12 02:59:47,875 | INFO | finmark_pipeline.ingestion | Dataset loaded successfully | Name: marketing_summary | Rows: 100 | Columns: 50
2026-07-12 02:59:47,875 | INFO | finmark_pipeline.ingestion | Loading dataset | Name: trend_report | Path: C:\Users\SCHOOL\Desktop\FinMark_DataPipeline\data\raw\trend_report.csv
2026-07-12 02:59:47,878 | INFO | finmark_pipeline.ingestion | Dataset loaded successfully | Name: trend_report | Rows: 20 | Columns: 50
2026-07-12 02:59:47,878 | INFO | finmark_pipeline.ingestion | Stage finished: Data Ingestion | Status: SUCCESS | Datasets: 3 | Total Rows: 2120
2026-07-12 02:59:48,451 | INFO | finmark_pipeline.ingestion | Stage started: Data Ingestion
2026-07-12 02:59:48,451 | INFO | finmark_pipeline.ingestion | Loading dataset | Name: event_logs | Path: C:\Users\SCHOOL\Desktop\FinMark_DataPipeline\data\raw\event_logs.csv
2026-07-12 02:59:48,464 | INFO | finmark_pipeline.ingestion | Dataset loaded successfully | Name: event_logs | Rows: 2000 | Columns: 50
2026-07-12 02:59:48,465 | INFO | finmark_pipeline.ingestion | Loading dataset | Name: marketing_summary | Path: C:\Users\SCHOOL\Desktop\FinMark_DataPipeline\data\raw\marketing_summary.csv
2026-07-12 02:59:48,468 | INFO | finmark_pipeline.ingestion | Dataset loaded successfully | Name: marketing_summary | Rows: 100 | Columns: 50
2026-07-12 02:59:48,468 | INFO | finmark_pipeline.ingestion | Loading dataset | Name: trend_report | Path: C:\Users\SCHOOL\Desktop\FinMark_DataPipeline\data\raw\trend_report.csv
2026-07-12 02:59:48,471 | INFO | finmark_pipeline.ingestion | Dataset loaded successfully | Name: trend_report | Rows: 20 | Columns: 50
2026-07-12 02:59:48,472 | INFO | finmark_pipeline.ingestion | Stage finished: Data Ingestion | Status: SUCCESS | Datasets: 3 | Total Rows: 2120
2026-07-12 02:59:49,154 | INFO | finmark_pipeline.ingestion | Stage started: Data Ingestion
2026-07-12 02:59:49,155 | INFO | finmark_pipeline.ingestion | Loading dataset | Name: event_logs | Path: C:\Users\SCHOOL\Desktop\FinMark_DataPipeline\data\raw\event_logs.csv
2026-07-12 02:59:49,168 | INFO | finmark_pipeline.ingestion | Dataset loaded successfully | Name: event_logs | Rows: 2000 | Columns: 50
2026-07-12 02:59:49,169 | INFO | finmark_pipeline.ingestion | Loading dataset | Name: marketing_summary | Path: C:\Users\SCHOOL\Desktop\FinMark_DataPipeline\data\raw\marketing_summary.csv
2026-07-12 02:59:49,172 | INFO | finmark_pipeline.ingestion | Dataset loaded successfully | Name: marketing_summary | Rows: 100 | Columns: 50
2026-07-12 02:59:49,172 | INFO | finmark_pipeline.ingestion | Loading dataset | Name: trend_report | Path: C:\Users\SCHOOL\Desktop\FinMark_DataPipeline\data\raw\trend_report.csv
2026-07-12 02:59:49,175 | INFO | finmark_pipeline.ingestion | Dataset loaded successfully | Name: trend_report | Rows: 20 | Columns: 50
2026-07-12 02:59:49,175 | INFO | finmark_pipeline.ingestion | Stage finished: Data Ingestion | Status: SUCCESS | Datasets: 3 | Total Rows: 2120
